{"/home/ubuntu/hil_delivre_v4/backend/src/app.js": {"path":"/home/ubuntu/hil_delivre_v4/backend/src/app.js","statementMap":{"0":{"start":{"line":10,"column":16},"end":{"line":10,"column":34}},"1":{"start":{"line":11,"column":15},"end":{"line":11,"column":32}},"2":{"start":{"line":12,"column":13},"end":{"line":12,"column":28}},"3":{"start":{"line":13,"column":15},"end":{"line":13,"column":32}},"4":{"start":{"line":14,"column":18},"end":{"line":14,"column":47}},"5":{"start":{"line":16,"column":19},"end":{"line":16,"column":49}},"6":{"start":{"line":17,"column":22},"end":{"line":17,"column":55}},"7":{"start":{"line":18,"column":18},"end":{"line":18,"column":47}},"8":{"start":{"line":19,"column":20},"end":{"line":19,"column":51}},"9":{"start":{"line":21,"column":12},"end":{"line":21,"column":21}},"10":{"start":{"line":34,"column":0},"end":{"line":49,"column":4}},"11":{"start":{"line":54,"column":23},"end":{"line":56,"column":33}},"12":{"start":{"line":56,"column":19},"end":{"line":56,"column":32}},"13":{"start":{"line":58,"column":0},"end":{"line":71,"column":4}},"14":{"start":{"line":61,"column":4},"end":{"line":61,"column":45}},"15":{"start":{"line":61,"column":17},"end":{"line":61,"column":45}},"16":{"start":{"line":62,"column":4},"end":{"line":64,"column":5}},"17":{"start":{"line":63,"column":6},"end":{"line":63,"column":34}},"18":{"start":{"line":65,"column":4},"end":{"line":65,"column":63}},"19":{"start":{"line":76,"column":22},"end":{"line":88,"column":2}},"20":{"start":{"line":90,"column":0},"end":{"line":90,"column":23}},"21":{"start":{"line":100,"column":0},"end":{"line":100,"column":41}},"22":{"start":{"line":101,"column":0},"end":{"line":101,"column":64}},"23":{"start":{"line":112,"column":18},"end":{"line":112,"column":76}},"24":{"start":{"line":113,"column":0},"end":{"line":113,"column":27}},"25":{"start":{"line":123,"column":0},"end":{"line":130,"column":3}},"26":{"start":{"line":124,"column":2},"end":{"line":129,"column":5}},"27":{"start":{"line":136,"column":0},"end":{"line":143,"column":3}},"28":{"start":{"line":137,"column":2},"end":{"line":142,"column":5}},"29":{"start":{"line":149,"column":0},"end":{"line":149,"column":33}},"30":{"start":{"line":150,"column":0},"end":{"line":150,"column":36}},"31":{"start":{"line":151,"column":0},"end":{"line":151,"column":36}},"32":{"start":{"line":152,"column":0},"end":{"line":152,"column":35}},"33":{"start":{"line":161,"column":0},"end":{"line":169,"column":3}},"34":{"start":{"line":162,"column":2},"end":{"line":168,"column":5}},"35":{"start":{"line":176,"column":0},"end":{"line":229,"column":3}},"36":{"start":{"line":178,"column":2},"end":{"line":186,"column":3}},"37":{"start":{"line":179,"column":4},"end":{"line":185,"column":7}},"38":{"start":{"line":189,"column":2},"end":{"line":197,"column":3}},"39":{"start":{"line":190,"column":4},"end":{"line":196,"column":7}},"40":{"start":{"line":200,"column":2},"end":{"line":208,"column":3}},"41":{"start":{"line":201,"column":4},"end":{"line":207,"column":7}},"42":{"start":{"line":211,"column":2},"end":{"line":211,"column":61}},"43":{"start":{"line":213,"column":21},"end":{"line":213,"column":56}},"44":{"start":{"line":214,"column":19},"end":{"line":220,"column":3}},"45":{"start":{"line":223,"column":2},"end":{"line":226,"column":3}},"46":{"start":{"line":224,"column":4},"end":{"line":224,"column":41}},"47":{"start":{"line":225,"column":4},"end":{"line":225,"column":37}},"48":{"start":{"line":228,"column":2},"end":{"line":228,"column":47}},"49":{"start":{"line":231,"column":0},"end":{"line":231,"column":21}}},"fnMap":{"0":{"name":"(anonymous_0)","decl":{"start":{"line":56,"column":7},"end":{"line":56,"column":8}},"loc":{"start":{"line":56,"column":19},"end":{"line":56,"column":32}},"line":56},"1":{"name":"(anonymous_1)","decl":{"start":{"line":59,"column":10},"end":{"line":59,"column":11}},"loc":{"start":{"line":59,"column":32},"end":{"line":66,"column":3}},"line":59},"2":{"name":"(anonymous_2)","decl":{"start":{"line":123,"column":19},"end":{"line":123,"column":20}},"loc":{"start":{"line":123,"column":33},"end":{"line":130,"column":1}},"line":123},"3":{"name":"(anonymous_3)","decl":{"start":{"line":136,"column":23},"end":{"line":136,"column":24}},"loc":{"start":{"line":136,"column":37},"end":{"line":143,"column":1}},"line":136},"4":{"name":"(anonymous_4)","decl":{"start":{"line":161,"column":8},"end":{"line":161,"column":9}},"loc":{"start":{"line":161,"column":22},"end":{"line":169,"column":1}},"line":161},"5":{"name":"(anonymous_5)","decl":{"start":{"line":176,"column":8},"end":{"line":176,"column":9}},"loc":{"start":{"line":176,"column":34},"end":{"line":229,"column":1}},"line":176}},"branchMap":{"0":{"loc":{"start":{"line":41,"column":29},"end":{"line":41,"column":59}},"type":"binary-expr","locations":[{"start":{"line":41,"column":29},"end":{"line":41,"column":53}},{"start":{"line":41,"column":57},"end":{"line":41,"column":59}}],"line":41},"1":{"loc":{"start":{"line":54,"column":24},"end":{"line":54,"column":75}},"type":"binary-expr","locations":[{"start":{"line":54,"column":24},"end":{"line":54,"column":48}},{"start":{"line":54,"column":52},"end":{"line":54,"column":75}}],"line":54},"2":{"loc":{"start":{"line":61,"column":4},"end":{"line":61,"column":45}},"type":"if","locations":[{"start":{"line":61,"column":4},"end":{"line":61,"column":45}},{"start":{},"end":{}}],"line":61},"3":{"loc":{"start":{"line":62,"column":4},"end":{"line":64,"column":5}},"type":"if","locations":[{"start":{"line":62,"column":4},"end":{"line":64,"column":5}},{"start":{},"end":{}}],"line":62},"4":{"loc":{"start":{"line":112,"column":18},"end":{"line":112,"column":76}},"type":"cond-expr","locations":[{"start":{"line":112,"column":58},"end":{"line":112,"column":68}},{"start":{"line":112,"column":71},"end":{"line":112,"column":76}}],"line":112},"5":{"loc":{"start":{"line":127,"column":13},"end":{"line":127,"column":55}},"type":"binary-expr","locations":[{"start":{"line":127,"column":13},"end":{"line":127,"column":44}},{"start":{"line":127,"column":48},"end":{"line":127,"column":55}}],"line":127},"6":{"loc":{"start":{"line":128,"column":17},"end":{"line":128,"column":54}},"type":"binary-expr","locations":[{"start":{"line":128,"column":17},"end":{"line":128,"column":37}},{"start":{"line":128,"column":41},"end":{"line":128,"column":54}}],"line":128},"7":{"loc":{"start":{"line":141,"column":13},"end":{"line":141,"column":55}},"type":"binary-expr","locations":[{"start":{"line":141,"column":13},"end":{"line":141,"column":44}},{"start":{"line":141,"column":48},"end":{"line":141,"column":55}}],"line":141},"8":{"loc":{"start":{"line":178,"column":2},"end":{"line":186,"column":3}},"type":"if","locations":[{"start":{"line":178,"column":2},"end":{"line":186,"column":3}},{"start":{},"end":{}}],"line":178},"9":{"loc":{"start":{"line":189,"column":2},"end":{"line":197,"column":3}},"type":"if","locations":[{"start":{"line":189,"column":2},"end":{"line":197,"column":3}},{"start":{},"end":{}}],"line":189},"10":{"loc":{"start":{"line":200,"column":2},"end":{"line":208,"column":3}},"type":"if","locations":[{"start":{"line":200,"column":2},"end":{"line":208,"column":3}},{"start":{},"end":{}}],"line":200},"11":{"loc":{"start":{"line":211,"column":35},"end":{"line":211,"column":59}},"type":"binary-expr","locations":[{"start":{"line":211,"column":35},"end":{"line":211,"column":44}},{"start":{"line":211,"column":48},"end":{"line":211,"column":59}}],"line":211},"12":{"loc":{"start":{"line":213,"column":21},"end":{"line":213,"column":56}},"type":"binary-expr","locations":[{"start":{"line":213,"column":21},"end":{"line":213,"column":35}},{"start":{"line":213,"column":39},"end":{"line":213,"column":49}},{"start":{"line":213,"column":53},"end":{"line":213,"column":56}}],"line":213},"13":{"loc":{"start":{"line":223,"column":2},"end":{"line":226,"column":3}},"type":"if","locations":[{"start":{"line":223,"column":2},"end":{"line":226,"column":3}},{"start":{},"end":{}}],"line":223}},"s":{"0":2,"1":2,"2":2,"3":2,"4":2,"5":2,"6":2,"7":2,"8":2,"9":2,"10":2,"11":2,"12":2,"13":2,"14":32,"15":32,"16":0,"17":0,"18":0,"19":2,"20":2,"21":2,"22":2,"23":2,"24":2,"25":2,"26":1,"27":2,"28":1,"29":2,"30":2,"31":2,"32":2,"33":2,"34":1,"35":2,"36":0,"37":0,"38":0,"39":0,"40":0,"41":0,"42":0,"43":0,"44":0,"45":0,"46":0,"47":0,"48":0,"49":2},"f":{"0":2,"1":32,"2":1,"3":1,"4":1,"5":0},"b":{"0":[2,2],"1":[2,2],"2":[32,0],"3":[0,0],"4":[0,2],"5":[1,0],"6":[1,0],"7":[1,0],"8":[0,0],"9":[0,0],"10":[0,0],"11":[0,0],"12":[0,0,0],"13":[0,0]},"_coverageSchema":"1a1c01bbd47fc00a2c39e90264f33305004495a9","hash":"6180607b20a706970918e05942802346619fa40f"}
,"/home/ubuntu/hil_delivre_v4/backend/src/controllers/authController.js": {"path":"/home/ubuntu/hil_delivre_v4/backend/src/controllers/authController.js","statementMap":{"0":{"start":{"line":14,"column":26},"end":{"line":14,"column":64}},"1":{"start":{"line":31,"column":2},"end":{"line":173,"column":3}},"2":{"start":{"line":41,"column":8},"end":{"line":41,"column":16}},"3":{"start":{"line":44,"column":36},"end":{"line":44,"column":78}},"4":{"start":{"line":45,"column":24},"end":{"line":47,"column":5}},"5":{"start":{"line":46,"column":13},"end":{"line":46,"column":59}},"6":{"start":{"line":49,"column":4},"end":{"line":57,"column":5}},"7":{"start":{"line":50,"column":6},"end":{"line":56,"column":9}},"8":{"start":{"line":61,"column":51},"end":{"line":70,"column":6}},"9":{"start":{"line":72,"column":4},"end":{"line":93,"column":5}},"10":{"start":{"line":73,"column":6},"end":{"line":73,"column":94}},"11":{"start":{"line":76,"column":6},"end":{"line":84,"column":7}},"12":{"start":{"line":77,"column":8},"end":{"line":83,"column":11}},"13":{"start":{"line":86,"column":6},"end":{"line":92,"column":9}},"14":{"start":{"line":95,"column":19},"end":{"line":95,"column":35}},"15":{"start":{"line":98,"column":42},"end":{"line":106,"column":28}},"16":{"start":{"line":108,"column":4},"end":{"line":111,"column":5}},"17":{"start":{"line":109,"column":6},"end":{"line":109,"column":104}},"18":{"start":{"line":114,"column":54},"end":{"line":117,"column":6}},"19":{"start":{"line":120,"column":51},"end":{"line":123,"column":6}},"20":{"start":{"line":125,"column":4},"end":{"line":135,"column":5}},"21":{"start":{"line":128,"column":6},"end":{"line":134,"column":9}},"22":{"start":{"line":138,"column":30},"end":{"line":142,"column":15}},"23":{"start":{"line":145,"column":4},"end":{"line":145,"column":97}},"24":{"start":{"line":147,"column":4},"end":{"line":163,"column":7}},"25":{"start":{"line":165,"column":4},"end":{"line":165,"column":81}},"26":{"start":{"line":166,"column":4},"end":{"line":172,"column":7}},"27":{"start":{"line":184,"column":2},"end":{"line":264,"column":3}},"28":{"start":{"line":185,"column":32},"end":{"line":185,"column":40}},"29":{"start":{"line":188,"column":41},"end":{"line":191,"column":6}},"30":{"start":{"line":193,"column":4},"end":{"line":202,"column":5}},"31":{"start":{"line":195,"column":6},"end":{"line":201,"column":9}},"32":{"start":{"line":204,"column":19},"end":{"line":204,"column":31}},"33":{"start":{"line":207,"column":51},"end":{"line":211,"column":15}},"34":{"start":{"line":213,"column":4},"end":{"line":222,"column":5}},"35":{"start":{"line":214,"column":6},"end":{"line":214,"column":88}},"36":{"start":{"line":215,"column":6},"end":{"line":221,"column":9}},"37":{"start":{"line":225,"column":4},"end":{"line":233,"column":5}},"38":{"start":{"line":226,"column":6},"end":{"line":232,"column":9}},"39":{"start":{"line":236,"column":4},"end":{"line":236,"column":117}},"40":{"start":{"line":238,"column":4},"end":{"line":254,"column":7}},"41":{"start":{"line":256,"column":4},"end":{"line":256,"column":78}},"42":{"start":{"line":257,"column":4},"end":{"line":263,"column":7}},"43":{"start":{"line":275,"column":2},"end":{"line":299,"column":3}},"44":{"start":{"line":277,"column":22},"end":{"line":277,"column":77}},"45":{"start":{"line":279,"column":4},"end":{"line":282,"column":5}},"46":{"start":{"line":281,"column":6},"end":{"line":281,"column":88}},"47":{"start":{"line":284,"column":4},"end":{"line":284,"column":78}},"48":{"start":{"line":286,"column":4},"end":{"line":289,"column":7}},"49":{"start":{"line":291,"column":4},"end":{"line":291,"column":79}},"50":{"start":{"line":292,"column":4},"end":{"line":298,"column":7}},"51":{"start":{"line":310,"column":2},"end":{"line":348,"column":3}},"52":{"start":{"line":311,"column":30},"end":{"line":311,"column":38}},"53":{"start":{"line":313,"column":28},"end":{"line":315,"column":6}},"54":{"start":{"line":317,"column":4},"end":{"line":325,"column":5}},"55":{"start":{"line":318,"column":6},"end":{"line":324,"column":9}},"56":{"start":{"line":327,"column":4},"end":{"line":338,"column":7}},"57":{"start":{"line":340,"column":4},"end":{"line":340,"column":85}},"58":{"start":{"line":341,"column":4},"end":{"line":347,"column":7}},"59":{"start":{"line":359,"column":2},"end":{"line":388,"column":3}},"60":{"start":{"line":360,"column":22},"end":{"line":360,"column":30}},"61":{"start":{"line":363,"column":22},"end":{"line":365,"column":6}},"62":{"start":{"line":367,"column":4},"end":{"line":370,"column":5}},"63":{"start":{"line":368,"column":6},"end":{"line":368,"column":88}},"64":{"start":{"line":372,"column":4},"end":{"line":372,"column":99}},"65":{"start":{"line":375,"column":4},"end":{"line":378,"column":7}},"66":{"start":{"line":380,"column":4},"end":{"line":380,"column":87}},"67":{"start":{"line":381,"column":4},"end":{"line":387,"column":7}},"68":{"start":{"line":399,"column":2},"end":{"line":446,"column":3}},"69":{"start":{"line":400,"column":43},"end":{"line":400,"column":51}},"70":{"start":{"line":403,"column":51},"end":{"line":403,"column":97}},"71":{"start":{"line":405,"column":4},"end":{"line":413,"column":5}},"72":{"start":{"line":406,"column":6},"end":{"line":412,"column":9}},"73":{"start":{"line":416,"column":35},"end":{"line":418,"column":6}},"74":{"start":{"line":420,"column":4},"end":{"line":429,"column":5}},"75":{"start":{"line":421,"column":6},"end":{"line":421,"column":95}},"76":{"start":{"line":422,"column":6},"end":{"line":428,"column":9}},"77":{"start":{"line":431,"column":4},"end":{"line":431,"column":88}},"78":{"start":{"line":433,"column":4},"end":{"line":436,"column":7}},"79":{"start":{"line":438,"column":4},"end":{"line":438,"column":86}},"80":{"start":{"line":439,"column":4},"end":{"line":445,"column":7}},"81":{"start":{"line":461,"column":2},"end":{"line":461,"column":28}},"82":{"start":{"line":461,"column":16},"end":{"line":461,"column":28}},"83":{"start":{"line":487,"column":6},"end":{"line":487,"column":13}},"84":{"start":{"line":489,"column":2},"end":{"line":513,"column":4}},"85":{"start":{"line":516,"column":0},"end":{"line":523,"column":2}}},"fnMap":{"0":{"name":"register","decl":{"start":{"line":30,"column":15},"end":{"line":30,"column":23}},"loc":{"start":{"line":30,"column":34},"end":{"line":174,"column":1}},"line":30},"1":{"name":"(anonymous_1)","decl":{"start":{"line":46,"column":6},"end":{"line":46,"column":7}},"loc":{"start":{"line":46,"column":13},"end":{"line":46,"column":59}},"line":46},"2":{"name":"login","decl":{"start":{"line":183,"column":15},"end":{"line":183,"column":20}},"loc":{"start":{"line":183,"column":31},"end":{"line":265,"column":1}},"line":183},"3":{"name":"logout","decl":{"start":{"line":274,"column":15},"end":{"line":274,"column":21}},"loc":{"start":{"line":274,"column":32},"end":{"line":300,"column":1}},"line":274},"4":{"name":"refreshToken","decl":{"start":{"line":309,"column":15},"end":{"line":309,"column":27}},"loc":{"start":{"line":309,"column":38},"end":{"line":349,"column":1}},"line":309},"5":{"name":"forgotPassword","decl":{"start":{"line":358,"column":15},"end":{"line":358,"column":29}},"loc":{"start":{"line":358,"column":40},"end":{"line":389,"column":1}},"line":358},"6":{"name":"resetPassword","decl":{"start":{"line":398,"column":15},"end":{"line":398,"column":28}},"loc":{"start":{"line":398,"column":39},"end":{"line":447,"column":1}},"line":398},"7":{"name":"sanitizeProfile","decl":{"start":{"line":460,"column":9},"end":{"line":460,"column":24}},"loc":{"start":{"line":460,"column":34},"end":{"line":514,"column":1}},"line":460}},"branchMap":{"0":{"loc":{"start":{"line":49,"column":4},"end":{"line":57,"column":5}},"type":"if","locations":[{"start":{"line":49,"column":4},"end":{"line":57,"column":5}},{"start":{},"end":{}}],"line":49},"1":{"loc":{"start":{"line":72,"column":4},"end":{"line":93,"column":5}},"type":"if","locations":[{"start":{"line":72,"column":4},"end":{"line":93,"column":5}},{"start":{},"end":{}}],"line":72},"2":{"loc":{"start":{"line":76,"column":6},"end":{"line":84,"column":7}},"type":"if","locations":[{"start":{"line":76,"column":6},"end":{"line":84,"column":7}},{"start":{},"end":{}}],"line":76},"3":{"loc":{"start":{"line":104,"column":28},"end":{"line":104,"column":54}},"type":"binary-expr","locations":[{"start":{"line":104,"column":28},"end":{"line":104,"column":46}},{"start":{"line":104,"column":50},"end":{"line":104,"column":54}}],"line":104},"4":{"loc":{"start":{"line":108,"column":4},"end":{"line":111,"column":5}},"type":"if","locations":[{"start":{"line":108,"column":4},"end":{"line":111,"column":5}},{"start":{},"end":{}}],"line":108},"5":{"loc":{"start":{"line":125,"column":4},"end":{"line":135,"column":5}},"type":"if","locations":[{"start":{"line":125,"column":4},"end":{"line":135,"column":5}},{"start":{},"end":{}}],"line":125},"6":{"loc":{"start":{"line":193,"column":4},"end":{"line":202,"column":5}},"type":"if","locations":[{"start":{"line":193,"column":4},"end":{"line":202,"column":5}},{"start":{},"end":{}}],"line":193},"7":{"loc":{"start":{"line":213,"column":4},"end":{"line":222,"column":5}},"type":"if","locations":[{"start":{"line":213,"column":4},"end":{"line":222,"column":5}},{"start":{},"end":{}}],"line":213},"8":{"loc":{"start":{"line":213,"column":8},"end":{"line":213,"column":32}},"type":"binary-expr","locations":[{"start":{"line":213,"column":8},"end":{"line":213,"column":20}},{"start":{"line":213,"column":24},"end":{"line":213,"column":32}}],"line":213},"9":{"loc":{"start":{"line":225,"column":4},"end":{"line":233,"column":5}},"type":"if","locations":[{"start":{"line":225,"column":4},"end":{"line":233,"column":5}},{"start":{},"end":{}}],"line":225},"10":{"loc":{"start":{"line":279,"column":4},"end":{"line":282,"column":5}},"type":"if","locations":[{"start":{"line":279,"column":4},"end":{"line":282,"column":5}},{"start":{},"end":{}}],"line":279},"11":{"loc":{"start":{"line":317,"column":4},"end":{"line":325,"column":5}},"type":"if","locations":[{"start":{"line":317,"column":4},"end":{"line":325,"column":5}},{"start":{},"end":{}}],"line":317},"12":{"loc":{"start":{"line":317,"column":8},"end":{"line":317,"column":30}},"type":"binary-expr","locations":[{"start":{"line":317,"column":8},"end":{"line":317,"column":13}},{"start":{"line":317,"column":17},"end":{"line":317,"column":30}}],"line":317},"13":{"loc":{"start":{"line":364,"column":21},"end":{"line":364,"column":71}},"type":"binary-expr","locations":[{"start":{"line":364,"column":21},"end":{"line":364,"column":40}},{"start":{"line":364,"column":44},"end":{"line":364,"column":71}}],"line":364},"14":{"loc":{"start":{"line":367,"column":4},"end":{"line":370,"column":5}},"type":"if","locations":[{"start":{"line":367,"column":4},"end":{"line":370,"column":5}},{"start":{},"end":{}}],"line":367},"15":{"loc":{"start":{"line":405,"column":4},"end":{"line":413,"column":5}},"type":"if","locations":[{"start":{"line":405,"column":4},"end":{"line":413,"column":5}},{"start":{},"end":{}}],"line":405},"16":{"loc":{"start":{"line":405,"column":8},"end":{"line":405,"column":28}},"type":"binary-expr","locations":[{"start":{"line":405,"column":8},"end":{"line":405,"column":19}},{"start":{"line":405,"column":23},"end":{"line":405,"column":28}}],"line":405},"17":{"loc":{"start":{"line":420,"column":4},"end":{"line":429,"column":5}},"type":"if","locations":[{"start":{"line":420,"column":4},"end":{"line":429,"column":5}},{"start":{},"end":{}}],"line":420},"18":{"loc":{"start":{"line":461,"column":2},"end":{"line":461,"column":28}},"type":"if","locations":[{"start":{"line":461,"column":2},"end":{"line":461,"column":28}},{"start":{},"end":{}}],"line":461}},"s":{"0":2,"1":3,"2":3,"3":3,"4":3,"5":1,"6":3,"7":1,"8":2,"9":2,"10":0,"11":0,"12":0,"13":0,"14":2,"15":2,"16":2,"17":0,"18":2,"19":2,"20":2,"21":0,"22":2,"23":2,"24":2,"25":0,"26":0,"27":3,"28":3,"29":3,"30":3,"31":1,"32":2,"33":2,"34":2,"35":0,"36":0,"37":2,"38":1,"39":1,"40":1,"41":0,"42":0,"43":0,"44":0,"45":0,"46":0,"47":0,"48":0,"49":0,"50":0,"51":2,"52":2,"53":2,"54":2,"55":1,"56":1,"57":0,"58":0,"59":1,"60":1,"61":1,"62":1,"63":0,"64":1,"65":1,"66":0,"67":0,"68":0,"69":0,"70":0,"71":0,"72":0,"73":0,"74":0,"75":0,"76":0,"77":0,"78":0,"79":0,"80":0,"81":3,"82":0,"83":3,"84":3,"85":2},"f":{"0":3,"1":1,"2":3,"3":0,"4":2,"5":1,"6":0,"7":3},"b":{"0":[1,2],"1":[0,2],"2":[0,0],"3":[2,0],"4":[0,2],"5":[0,2],"6":[1,2],"7":[0,2],"8":[2,2],"9":[1,1],"10":[0,0],"11":[1,1],"12":[2,1],"13":[1,1],"14":[0,1],"15":[0,0],"16":[0,0],"17":[0,0],"18":[0,3]},"_coverageSchema":"1a1c01bbd47fc00a2c39e90264f33305004495a9","hash":"ce02e47963ecb64adbbf07f34f075356d8ed82e0"}
,"/home/ubuntu/hil_delivre_v4/backend/src/controllers/kycController.js": {"path":"/home/ubuntu/hil_delivre_v4/backend/src/controllers/kycController.js","statementMap":{"0":{"start":{"line":17,"column":26},"end":{"line":17,"column":64}},"1":{"start":{"line":32,"column":2},"end":{"line":117,"column":3}},"2":{"start":{"line":33,"column":19},"end":{"line":33,"column":30}},"3":{"start":{"line":34,"column":20},"end":{"line":34,"column":31}},"4":{"start":{"line":37,"column":4},"end":{"line":45,"column":5}},"5":{"start":{"line":38,"column":6},"end":{"line":44,"column":9}},"6":{"start":{"line":48,"column":4},"end":{"line":56,"column":5}},"7":{"start":{"line":49,"column":6},"end":{"line":55,"column":9}},"8":{"start":{"line":58,"column":136},"end":{"line":58,"column":144}},"9":{"start":{"line":61,"column":23},"end":{"line":64,"column":5}},"10":{"start":{"line":67,"column":4},"end":{"line":73,"column":5}},"11":{"start":{"line":68,"column":6},"end":{"line":68,"column":77}},"12":{"start":{"line":69,"column":6},"end":{"line":69,"column":45}},"13":{"start":{"line":70,"column":6},"end":{"line":70,"column":35}},"14":{"start":{"line":71,"column":6},"end":{"line":71,"column":65}},"15":{"start":{"line":71,"column":34},"end":{"line":71,"column":65}},"16":{"start":{"line":72,"column":6},"end":{"line":72,"column":68}},"17":{"start":{"line":72,"column":35},"end":{"line":72,"column":68}},"18":{"start":{"line":75,"column":4},"end":{"line":77,"column":5}},"19":{"start":{"line":76,"column":6},"end":{"line":76,"column":63}},"20":{"start":{"line":76,"column":24},"end":{"line":76,"column":63}},"21":{"start":{"line":80,"column":57},"end":{"line":85,"column":15}},"22":{"start":{"line":87,"column":4},"end":{"line":96,"column":5}},"23":{"start":{"line":88,"column":6},"end":{"line":88,"column":90}},"24":{"start":{"line":89,"column":6},"end":{"line":95,"column":9}},"25":{"start":{"line":98,"column":4},"end":{"line":98,"column":115}},"26":{"start":{"line":100,"column":4},"end":{"line":107,"column":7}},"27":{"start":{"line":109,"column":4},"end":{"line":109,"column":81}},"28":{"start":{"line":110,"column":4},"end":{"line":116,"column":7}},"29":{"start":{"line":128,"column":2},"end":{"line":149,"column":3}},"30":{"start":{"line":129,"column":20},"end":{"line":129,"column":31}},"31":{"start":{"line":131,"column":4},"end":{"line":139,"column":7}},"32":{"start":{"line":141,"column":4},"end":{"line":141,"column":84}},"33":{"start":{"line":142,"column":4},"end":{"line":148,"column":7}},"34":{"start":{"line":168,"column":2},"end":{"line":269,"column":3}},"35":{"start":{"line":169,"column":23},"end":{"line":169,"column":33}},"36":{"start":{"line":170,"column":58},"end":{"line":170,"column":66}},"37":{"start":{"line":173,"column":55},"end":{"line":177,"column":15}},"38":{"start":{"line":179,"column":4},"end":{"line":187,"column":5}},"39":{"start":{"line":180,"column":6},"end":{"line":186,"column":9}},"40":{"start":{"line":190,"column":4},"end":{"line":198,"column":5}},"41":{"start":{"line":191,"column":6},"end":{"line":197,"column":9}},"42":{"start":{"line":201,"column":4},"end":{"line":209,"column":5}},"43":{"start":{"line":202,"column":6},"end":{"line":208,"column":9}},"44":{"start":{"line":212,"column":23},"end":{"line":214,"column":5}},"45":{"start":{"line":216,"column":4},"end":{"line":219,"column":5}},"46":{"start":{"line":218,"column":6},"end":{"line":218,"column":38}},"47":{"start":{"line":221,"column":57},"end":{"line":226,"column":15}},"48":{"start":{"line":228,"column":4},"end":{"line":237,"column":5}},"49":{"start":{"line":229,"column":6},"end":{"line":229,"column":90}},"50":{"start":{"line":230,"column":6},"end":{"line":236,"column":9}},"51":{"start":{"line":240,"column":25},"end":{"line":246,"column":5}},"52":{"start":{"line":247,"column":4},"end":{"line":247,"column":86}},"53":{"start":{"line":249,"column":4},"end":{"line":259,"column":7}},"54":{"start":{"line":261,"column":4},"end":{"line":261,"column":81}},"55":{"start":{"line":262,"column":4},"end":{"line":268,"column":7}},"56":{"start":{"line":280,"column":2},"end":{"line":325,"column":3}},"57":{"start":{"line":281,"column":17},"end":{"line":281,"column":46}},"58":{"start":{"line":282,"column":18},"end":{"line":282,"column":64}},"59":{"start":{"line":283,"column":19},"end":{"line":283,"column":37}},"60":{"start":{"line":285,"column":52},"end":{"line":291,"column":40}},"61":{"start":{"line":293,"column":4},"end":{"line":302,"column":5}},"62":{"start":{"line":294,"column":6},"end":{"line":294,"column":85}},"63":{"start":{"line":295,"column":6},"end":{"line":301,"column":9}},"64":{"start":{"line":304,"column":4},"end":{"line":315,"column":7}},"65":{"start":{"line":317,"column":4},"end":{"line":317,"column":86}},"66":{"start":{"line":318,"column":4},"end":{"line":324,"column":7}},"67":{"start":{"line":328,"column":0},"end":{"line":333,"column":2}}},"fnMap":{"0":{"name":"submitKYC","decl":{"start":{"line":31,"column":15},"end":{"line":31,"column":24}},"loc":{"start":{"line":31,"column":35},"end":{"line":118,"column":1}},"line":31},"1":{"name":"getKYCStatus","decl":{"start":{"line":127,"column":15},"end":{"line":127,"column":27}},"loc":{"start":{"line":127,"column":38},"end":{"line":150,"column":1}},"line":127},"2":{"name":"reviewKYC","decl":{"start":{"line":167,"column":15},"end":{"line":167,"column":24}},"loc":{"start":{"line":167,"column":35},"end":{"line":270,"column":1}},"line":167},"3":{"name":"listPendingKYC","decl":{"start":{"line":279,"column":15},"end":{"line":279,"column":29}},"loc":{"start":{"line":279,"column":40},"end":{"line":326,"column":1}},"line":279}},"branchMap":{"0":{"loc":{"start":{"line":37,"column":4},"end":{"line":45,"column":5}},"type":"if","locations":[{"start":{"line":37,"column":4},"end":{"line":45,"column":5}},{"start":{},"end":{}}],"line":37},"1":{"loc":{"start":{"line":48,"column":4},"end":{"line":56,"column":5}},"type":"if","locations":[{"start":{"line":48,"column":4},"end":{"line":56,"column":5}},{"start":{},"end":{}}],"line":48},"2":{"loc":{"start":{"line":48,"column":8},"end":{"line":48,"column":67}},"type":"binary-expr","locations":[{"start":{"line":48,"column":8},"end":{"line":48,"column":40}},{"start":{"line":48,"column":44},"end":{"line":48,"column":67}}],"line":48},"3":{"loc":{"start":{"line":67,"column":4},"end":{"line":73,"column":5}},"type":"if","locations":[{"start":{"line":67,"column":4},"end":{"line":73,"column":5}},{"start":{},"end":{}}],"line":67},"4":{"loc":{"start":{"line":71,"column":6},"end":{"line":71,"column":65}},"type":"if","locations":[{"start":{"line":71,"column":6},"end":{"line":71,"column":65}},{"start":{},"end":{}}],"line":71},"5":{"loc":{"start":{"line":72,"column":6},"end":{"line":72,"column":68}},"type":"if","locations":[{"start":{"line":72,"column":6},"end":{"line":72,"column":68}},{"start":{},"end":{}}],"line":72},"6":{"loc":{"start":{"line":75,"column":4},"end":{"line":77,"column":5}},"type":"if","locations":[{"start":{"line":75,"column":4},"end":{"line":77,"column":5}},{"start":{},"end":{}}],"line":75},"7":{"loc":{"start":{"line":76,"column":6},"end":{"line":76,"column":63}},"type":"if","locations":[{"start":{"line":76,"column":6},"end":{"line":76,"column":63}},{"start":{},"end":{}}],"line":76},"8":{"loc":{"start":{"line":87,"column":4},"end":{"line":96,"column":5}},"type":"if","locations":[{"start":{"line":87,"column":4},"end":{"line":96,"column":5}},{"start":{},"end":{}}],"line":87},"9":{"loc":{"start":{"line":179,"column":4},"end":{"line":187,"column":5}},"type":"if","locations":[{"start":{"line":179,"column":4},"end":{"line":187,"column":5}},{"start":{},"end":{}}],"line":179},"10":{"loc":{"start":{"line":179,"column":8},"end":{"line":179,"column":36}},"type":"binary-expr","locations":[{"start":{"line":179,"column":8},"end":{"line":179,"column":18}},{"start":{"line":179,"column":22},"end":{"line":179,"column":36}}],"line":179},"11":{"loc":{"start":{"line":190,"column":4},"end":{"line":198,"column":5}},"type":"if","locations":[{"start":{"line":190,"column":4},"end":{"line":198,"column":5}},{"start":{},"end":{}}],"line":190},"12":{"loc":{"start":{"line":201,"column":4},"end":{"line":209,"column":5}},"type":"if","locations":[{"start":{"line":201,"column":4},"end":{"line":209,"column":5}},{"start":{},"end":{}}],"line":201},"13":{"loc":{"start":{"line":216,"column":4},"end":{"line":219,"column":5}},"type":"if","locations":[{"start":{"line":216,"column":4},"end":{"line":219,"column":5}},{"start":{},"end":{}}],"line":216},"14":{"loc":{"start":{"line":228,"column":4},"end":{"line":237,"column":5}},"type":"if","locations":[{"start":{"line":228,"column":4},"end":{"line":237,"column":5}},{"start":{},"end":{}}],"line":228},"15":{"loc":{"start":{"line":244,"column":21},"end":{"line":244,"column":67}},"type":"cond-expr","locations":[{"start":{"line":244,"column":47},"end":{"line":244,"column":60}},{"start":{"line":244,"column":63},"end":{"line":244,"column":67}}],"line":244},"16":{"loc":{"start":{"line":245,"column":24},"end":{"line":245,"column":73}},"type":"cond-expr","locations":[{"start":{"line":245,"column":50},"end":{"line":245,"column":66}},{"start":{"line":245,"column":69},"end":{"line":245,"column":73}}],"line":245},"17":{"loc":{"start":{"line":251,"column":15},"end":{"line":253,"column":52}},"type":"cond-expr","locations":[{"start":{"line":252,"column":10},"end":{"line":252,"column":80}},{"start":{"line":253,"column":10},"end":{"line":253,"column":52}}],"line":251},"18":{"loc":{"start":{"line":281,"column":17},"end":{"line":281,"column":46}},"type":"binary-expr","locations":[{"start":{"line":281,"column":17},"end":{"line":281,"column":41}},{"start":{"line":281,"column":45},"end":{"line":281,"column":46}}],"line":281},"19":{"loc":{"start":{"line":282,"column":27},"end":{"line":282,"column":58}},"type":"binary-expr","locations":[{"start":{"line":282,"column":27},"end":{"line":282,"column":52}},{"start":{"line":282,"column":56},"end":{"line":282,"column":58}}],"line":282},"20":{"loc":{"start":{"line":293,"column":4},"end":{"line":302,"column":5}},"type":"if","locations":[{"start":{"line":293,"column":4},"end":{"line":302,"column":5}},{"start":{},"end":{}}],"line":293},"21":{"loc":{"start":{"line":311,"column":17},"end":{"line":311,"column":27}},"type":"binary-expr","locations":[{"start":{"line":311,"column":17},"end":{"line":311,"column":22}},{"start":{"line":311,"column":26},"end":{"line":311,"column":27}}],"line":311},"22":{"loc":{"start":{"line":312,"column":34},"end":{"line":312,"column":44}},"type":"binary-expr","locations":[{"start":{"line":312,"column":34},"end":{"line":312,"column":39}},{"start":{"line":312,"column":43},"end":{"line":312,"column":44}}],"line":312}},"s":{"0":2,"1":3,"2":3,"3":3,"4":3,"5":1,"6":2,"7":0,"8":2,"9":2,"10":2,"11":1,"12":1,"13":1,"14":1,"15":1,"16":1,"17":1,"18":2,"19":1,"20":1,"21":2,"22":2,"23":0,"24":0,"25":2,"26":2,"27":0,"28":0,"29":1,"30":1,"31":1,"32":0,"33":0,"34":0,"35":0,"36":0,"37":0,"38":0,"39":0,"40":0,"41":0,"42":0,"43":0,"44":0,"45":0,"46":0,"47":0,"48":0,"49":0,"50":0,"51":0,"52":0,"53":0,"54":0,"55":0,"56":0,"57":0,"58":0,"59":0,"60":0,"61":0,"62":0,"63":0,"64":0,"65":0,"66":0,"67":2},"f":{"0":3,"1":1,"2":0,"3":0},"b":{"0":[1,2],"1":[0,2],"2":[2,2],"3":[1,1],"4":[1,0],"5":[1,0],"6":[1,1],"7":[1,0],"8":[0,2],"9":[0,0],"10":[0,0],"11":[0,0],"12":[0,0],"13":[0,0],"14":[0,0],"15":[0,0],"16":[0,0],"17":[0,0],"18":[0,0],"19":[0,0],"20":[0,0],"21":[0,0],"22":[0,0]},"_coverageSchema":"1a1c01bbd47fc00a2c39e90264f33305004495a9","hash":"f8aa25f815a23946c592a4e46f7b73a4f3432b1c"}
,"/home/ubuntu/hil_delivre_v4/backend/src/controllers/profileController.js": {"path":"/home/ubuntu/hil_delivre_v4/backend/src/controllers/profileController.js","statementMap":{"0":{"start":{"line":11,"column":26},"end":{"line":11,"column":64}},"1":{"start":{"line":21,"column":2},"end":{"line":54,"column":3}},"2":{"start":{"line":23,"column":20},"end":{"line":23,"column":31}},"3":{"start":{"line":25,"column":4},"end":{"line":33,"column":5}},"4":{"start":{"line":26,"column":6},"end":{"line":32,"column":9}},"5":{"start":{"line":35,"column":4},"end":{"line":44,"column":7}},"6":{"start":{"line":46,"column":4},"end":{"line":46,"column":86}},"7":{"start":{"line":47,"column":4},"end":{"line":53,"column":7}},"8":{"start":{"line":71,"column":2},"end":{"line":136,"column":3}},"9":{"start":{"line":72,"column":19},"end":{"line":72,"column":30}},"10":{"start":{"line":73,"column":23},"end":{"line":73,"column":31}},"11":{"start":{"line":76,"column":29},"end":{"line":82,"column":5}},"12":{"start":{"line":84,"column":4},"end":{"line":86,"column":5}},"13":{"start":{"line":85,"column":6},"end":{"line":85,"column":31}},"14":{"start":{"line":89,"column":4},"end":{"line":97,"column":5}},"15":{"start":{"line":90,"column":6},"end":{"line":96,"column":9}},"16":{"start":{"line":100,"column":57},"end":{"line":105,"column":15}},"17":{"start":{"line":107,"column":4},"end":{"line":116,"column":5}},"18":{"start":{"line":108,"column":6},"end":{"line":108,"column":98}},"19":{"start":{"line":109,"column":6},"end":{"line":115,"column":9}},"20":{"start":{"line":118,"column":4},"end":{"line":118,"column":124}},"21":{"start":{"line":120,"column":4},"end":{"line":126,"column":7}},"22":{"start":{"line":128,"column":4},"end":{"line":128,"column":89}},"23":{"start":{"line":129,"column":4},"end":{"line":135,"column":7}},"24":{"start":{"line":149,"column":2},"end":{"line":205,"column":3}},"25":{"start":{"line":150,"column":19},"end":{"line":150,"column":30}},"26":{"start":{"line":153,"column":35},"end":{"line":168,"column":28}},"27":{"start":{"line":170,"column":4},"end":{"line":179,"column":5}},"28":{"start":{"line":171,"column":6},"end":{"line":171,"column":100}},"29":{"start":{"line":172,"column":6},"end":{"line":178,"column":9}},"30":{"start":{"line":182,"column":33},"end":{"line":184,"column":6}},"31":{"start":{"line":186,"column":4},"end":{"line":188,"column":5}},"32":{"start":{"line":187,"column":6},"end":{"line":187,"column":93}},"33":{"start":{"line":190,"column":4},"end":{"line":190,"column":89}},"34":{"start":{"line":192,"column":4},"end":{"line":195,"column":7}},"35":{"start":{"line":197,"column":4},"end":{"line":197,"column":89}},"36":{"start":{"line":198,"column":4},"end":{"line":204,"column":7}},"37":{"start":{"line":219,"column":2},"end":{"line":219,"column":28}},"38":{"start":{"line":219,"column":16},"end":{"line":219,"column":28}},"39":{"start":{"line":246,"column":6},"end":{"line":246,"column":13}},"40":{"start":{"line":248,"column":2},"end":{"line":272,"column":4}},"41":{"start":{"line":275,"column":0},"end":{"line":279,"column":2}}},"fnMap":{"0":{"name":"getProfile","decl":{"start":{"line":20,"column":15},"end":{"line":20,"column":25}},"loc":{"start":{"line":20,"column":36},"end":{"line":55,"column":1}},"line":20},"1":{"name":"updateProfile","decl":{"start":{"line":70,"column":15},"end":{"line":70,"column":28}},"loc":{"start":{"line":70,"column":39},"end":{"line":137,"column":1}},"line":70},"2":{"name":"deleteProfile","decl":{"start":{"line":148,"column":15},"end":{"line":148,"column":28}},"loc":{"start":{"line":148,"column":39},"end":{"line":206,"column":1}},"line":148},"3":{"name":"sanitizeProfile","decl":{"start":{"line":218,"column":9},"end":{"line":218,"column":24}},"loc":{"start":{"line":218,"column":34},"end":{"line":273,"column":1}},"line":218}},"branchMap":{"0":{"loc":{"start":{"line":25,"column":4},"end":{"line":33,"column":5}},"type":"if","locations":[{"start":{"line":25,"column":4},"end":{"line":33,"column":5}},{"start":{},"end":{}}],"line":25},"1":{"loc":{"start":{"line":89,"column":4},"end":{"line":97,"column":5}},"type":"if","locations":[{"start":{"line":89,"column":4},"end":{"line":97,"column":5}},{"start":{},"end":{}}],"line":89},"2":{"loc":{"start":{"line":107,"column":4},"end":{"line":116,"column":5}},"type":"if","locations":[{"start":{"line":107,"column":4},"end":{"line":116,"column":5}},{"start":{},"end":{}}],"line":107},"3":{"loc":{"start":{"line":170,"column":4},"end":{"line":179,"column":5}},"type":"if","locations":[{"start":{"line":170,"column":4},"end":{"line":179,"column":5}},{"start":{},"end":{}}],"line":170},"4":{"loc":{"start":{"line":186,"column":4},"end":{"line":188,"column":5}},"type":"if","locations":[{"start":{"line":186,"column":4},"end":{"line":188,"column":5}},{"start":{},"end":{}}],"line":186},"5":{"loc":{"start":{"line":219,"column":2},"end":{"line":219,"column":28}},"type":"if","locations":[{"start":{"line":219,"column":2},"end":{"line":219,"column":28}},{"start":{},"end":{}}],"line":219}},"s":{"0":2,"1":0,"2":0,"3":0,"4":0,"5":0,"6":0,"7":0,"8":0,"9":0,"10":0,"11":0,"12":0,"13":0,"14":0,"15":0,"16":0,"17":0,"18":0,"19":0,"20":0,"21":0,"22":0,"23":0,"24":0,"25":0,"26":0,"27":0,"28":0,"29":0,"30":0,"31":0,"32":0,"33":0,"34":0,"35":0,"36":0,"37":0,"38":0,"39":0,"40":0,"41":2},"f":{"0":0,"1":0,"2":0,"3":0},"b":{"0":[0,0],"1":[0,0],"2":[0,0],"3":[0,0],"4":[0,0],"5":[0,0]},"_coverageSchema":"1a1c01bbd47fc00a2c39e90264f33305004495a9","hash":"f2d92ffa91c3a3b23817f5618c1613a660ee4ebe"}
,"/home/ubuntu/hil_delivre_v4/backend/src/middlewares/authMiddleware.js": {"path":"/home/ubuntu/hil_delivre_v4/backend/src/middlewares/authMiddleware.js","statementMap":{"0":{"start":{"line":11,"column":26},"end":{"line":11,"column":64}},"1":{"start":{"line":28,"column":2},"end":{"line":112,"column":3}},"2":{"start":{"line":30,"column":23},"end":{"line":30,"column":48}},"3":{"start":{"line":32,"column":4},"end":{"line":40,"column":5}},"4":{"start":{"line":33,"column":6},"end":{"line":39,"column":9}},"5":{"start":{"line":42,"column":18},"end":{"line":42,"column":42}},"6":{"start":{"line":44,"column":4},"end":{"line":52,"column":5}},"7":{"start":{"line":45,"column":6},"end":{"line":51,"column":9}},"8":{"start":{"line":55,"column":49},"end":{"line":55,"column":88}},"9":{"start":{"line":57,"column":4},"end":{"line":65,"column":5}},"10":{"start":{"line":58,"column":6},"end":{"line":64,"column":9}},"11":{"start":{"line":68,"column":51},"end":{"line":72,"column":15}},"12":{"start":{"line":74,"column":4},"end":{"line":84,"column":5}},"13":{"start":{"line":76,"column":6},"end":{"line":76,"column":107}},"14":{"start":{"line":77,"column":6},"end":{"line":83,"column":9}},"15":{"start":{"line":87,"column":4},"end":{"line":95,"column":5}},"16":{"start":{"line":88,"column":6},"end":{"line":94,"column":9}},"17":{"start":{"line":98,"column":4},"end":{"line":98,"column":20}},"18":{"start":{"line":99,"column":4},"end":{"line":99,"column":26}},"19":{"start":{"line":100,"column":4},"end":{"line":100,"column":28}},"20":{"start":{"line":102,"column":4},"end":{"line":102,"column":11}},"21":{"start":{"line":104,"column":4},"end":{"line":104,"column":72}},"22":{"start":{"line":105,"column":4},"end":{"line":111,"column":7}},"23":{"start":{"line":125,"column":21},"end":{"line":125,"column":46}},"24":{"start":{"line":127,"column":2},"end":{"line":129,"column":3}},"25":{"start":{"line":128,"column":4},"end":{"line":128,"column":18}},"26":{"start":{"line":132,"column":2},"end":{"line":140,"column":3}},"27":{"start":{"line":133,"column":4},"end":{"line":133,"column":43}},"28":{"start":{"line":135,"column":4},"end":{"line":137,"column":5}},"29":{"start":{"line":136,"column":6},"end":{"line":136,"column":13}},"30":{"start":{"line":142,"column":2},"end":{"line":142,"column":9}},"31":{"start":{"line":145,"column":0},"end":{"line":148,"column":2}}},"fnMap":{"0":{"name":"authenticate","decl":{"start":{"line":27,"column":15},"end":{"line":27,"column":27}},"loc":{"start":{"line":27,"column":44},"end":{"line":113,"column":1}},"line":27},"1":{"name":"optionalAuthenticate","decl":{"start":{"line":124,"column":15},"end":{"line":124,"column":35}},"loc":{"start":{"line":124,"column":52},"end":{"line":143,"column":1}},"line":124},"2":{"name":"(anonymous_2)","decl":{"start":{"line":133,"column":33},"end":{"line":133,"column":34}},"loc":{"start":{"line":133,"column":39},"end":{"line":133,"column":41}},"line":133}},"branchMap":{"0":{"loc":{"start":{"line":32,"column":4},"end":{"line":40,"column":5}},"type":"if","locations":[{"start":{"line":32,"column":4},"end":{"line":40,"column":5}},{"start":{},"end":{}}],"line":32},"1":{"loc":{"start":{"line":32,"column":8},"end":{"line":32,"column":56}},"type":"binary-expr","locations":[{"start":{"line":32,"column":8},"end":{"line":32,"column":19}},{"start":{"line":32,"column":23},"end":{"line":32,"column":56}}],"line":32},"2":{"loc":{"start":{"line":44,"column":4},"end":{"line":52,"column":5}},"type":"if","locations":[{"start":{"line":44,"column":4},"end":{"line":52,"column":5}},{"start":{},"end":{}}],"line":44},"3":{"loc":{"start":{"line":44,"column":8},"end":{"line":44,"column":37}},"type":"binary-expr","locations":[{"start":{"line":44,"column":8},"end":{"line":44,"column":14}},{"start":{"line":44,"column":18},"end":{"line":44,"column":37}}],"line":44},"4":{"loc":{"start":{"line":57,"column":4},"end":{"line":65,"column":5}},"type":"if","locations":[{"start":{"line":57,"column":4},"end":{"line":65,"column":5}},{"start":{},"end":{}}],"line":57},"5":{"loc":{"start":{"line":57,"column":8},"end":{"line":57,"column":26}},"type":"binary-expr","locations":[{"start":{"line":57,"column":8},"end":{"line":57,"column":17}},{"start":{"line":57,"column":21},"end":{"line":57,"column":26}}],"line":57},"6":{"loc":{"start":{"line":74,"column":4},"end":{"line":84,"column":5}},"type":"if","locations":[{"start":{"line":74,"column":4},"end":{"line":84,"column":5}},{"start":{},"end":{}}],"line":74},"7":{"loc":{"start":{"line":74,"column":8},"end":{"line":74,"column":32}},"type":"binary-expr","locations":[{"start":{"line":74,"column":8},"end":{"line":74,"column":20}},{"start":{"line":74,"column":24},"end":{"line":74,"column":32}}],"line":74},"8":{"loc":{"start":{"line":87,"column":4},"end":{"line":95,"column":5}},"type":"if","locations":[{"start":{"line":87,"column":4},"end":{"line":95,"column":5}},{"start":{},"end":{}}],"line":87},"9":{"loc":{"start":{"line":127,"column":2},"end":{"line":129,"column":3}},"type":"if","locations":[{"start":{"line":127,"column":2},"end":{"line":129,"column":3}},{"start":{},"end":{}}],"line":127},"10":{"loc":{"start":{"line":127,"column":6},"end":{"line":127,"column":54}},"type":"binary-expr","locations":[{"start":{"line":127,"column":6},"end":{"line":127,"column":17}},{"start":{"line":127,"column":21},"end":{"line":127,"column":54}}],"line":127},"11":{"loc":{"start":{"line":135,"column":4},"end":{"line":137,"column":5}},"type":"if","locations":[{"start":{"line":135,"column":4},"end":{"line":137,"column":5}},{"start":{},"end":{}}],"line":135}},"s":{"0":3,"1":24,"2":24,"3":24,"4":5,"5":19,"6":19,"7":1,"8":18,"9":18,"10":1,"11":17,"12":17,"13":0,"14":0,"15":17,"16":1,"17":16,"18":16,"19":16,"20":16,"21":0,"22":0,"23":0,"24":0,"25":0,"26":0,"27":0,"28":0,"29":0,"30":0,"31":3},"f":{"0":24,"1":0,"2":0},"b":{"0":[5,19],"1":[24,20],"2":[1,18],"3":[19,18],"4":[1,17],"5":[18,17],"6":[0,17],"7":[17,17],"8":[1,16],"9":[0,0],"10":[0,0],"11":[0,0]},"_coverageSchema":"1a1c01bbd47fc00a2c39e90264f33305004495a9","hash":"a887c0b29716dd9766f35793002626155b8a2bfa"}
,"/home/ubuntu/hil_delivre_v4/backend/src/middlewares/roleMiddleware.js": {"path":"/home/ubuntu/hil_delivre_v4/backend/src/middlewares/roleMiddleware.js","statementMap":{"0":{"start":{"line":22,"column":2},"end":{"line":46,"column":4}},"1":{"start":{"line":23,"column":4},"end":{"line":31,"column":5}},"2":{"start":{"line":24,"column":6},"end":{"line":30,"column":9}},"3":{"start":{"line":33,"column":21},"end":{"line":33,"column":37}},"4":{"start":{"line":35,"column":4},"end":{"line":43,"column":5}},"5":{"start":{"line":36,"column":6},"end":{"line":42,"column":9}},"6":{"start":{"line":45,"column":4},"end":{"line":45,"column":11}},"7":{"start":{"line":62,"column":2},"end":{"line":70,"column":3}},"8":{"start":{"line":63,"column":4},"end":{"line":69,"column":7}},"9":{"start":{"line":72,"column":31},"end":{"line":72,"column":42}},"10":{"start":{"line":75,"column":2},"end":{"line":77,"column":3}},"11":{"start":{"line":76,"column":4},"end":{"line":76,"column":18}},"12":{"start":{"line":80,"column":2},"end":{"line":94,"column":3}},"13":{"start":{"line":81,"column":21},"end":{"line":84,"column":5}},"14":{"start":{"line":86,"column":4},"end":{"line":93,"column":7}},"15":{"start":{"line":96,"column":2},"end":{"line":96,"column":9}},"16":{"start":{"line":109,"column":2},"end":{"line":117,"column":3}},"17":{"start":{"line":110,"column":4},"end":{"line":116,"column":7}},"18":{"start":{"line":119,"column":57},"end":{"line":119,"column":68}},"19":{"start":{"line":122,"column":2},"end":{"line":124,"column":3}},"20":{"start":{"line":123,"column":4},"end":{"line":123,"column":18}},"21":{"start":{"line":127,"column":2},"end":{"line":135,"column":3}},"22":{"start":{"line":128,"column":4},"end":{"line":134,"column":7}},"23":{"start":{"line":138,"column":2},"end":{"line":146,"column":3}},"24":{"start":{"line":139,"column":4},"end":{"line":145,"column":7}},"25":{"start":{"line":148,"column":2},"end":{"line":148,"column":9}},"26":{"start":{"line":151,"column":0},"end":{"line":155,"column":2}}},"fnMap":{"0":{"name":"requireRole","decl":{"start":{"line":21,"column":9},"end":{"line":21,"column":20}},"loc":{"start":{"line":21,"column":38},"end":{"line":47,"column":1}},"line":21},"1":{"name":"(anonymous_1)","decl":{"start":{"line":22,"column":9},"end":{"line":22,"column":10}},"loc":{"start":{"line":22,"column":29},"end":{"line":46,"column":3}},"line":22},"2":{"name":"requireKYC","decl":{"start":{"line":61,"column":9},"end":{"line":61,"column":19}},"loc":{"start":{"line":61,"column":36},"end":{"line":97,"column":1}},"line":61},"3":{"name":"requireSubscription","decl":{"start":{"line":108,"column":9},"end":{"line":108,"column":28}},"loc":{"start":{"line":108,"column":45},"end":{"line":149,"column":1}},"line":108}},"branchMap":{"0":{"loc":{"start":{"line":23,"column":4},"end":{"line":31,"column":5}},"type":"if","locations":[{"start":{"line":23,"column":4},"end":{"line":31,"column":5}},{"start":{},"end":{}}],"line":23},"1":{"loc":{"start":{"line":35,"column":4},"end":{"line":43,"column":5}},"type":"if","locations":[{"start":{"line":35,"column":4},"end":{"line":43,"column":5}},{"start":{},"end":{}}],"line":35},"2":{"loc":{"start":{"line":62,"column":2},"end":{"line":70,"column":3}},"type":"if","locations":[{"start":{"line":62,"column":2},"end":{"line":70,"column":3}},{"start":{},"end":{}}],"line":62},"3":{"loc":{"start":{"line":75,"column":2},"end":{"line":77,"column":3}},"type":"if","locations":[{"start":{"line":75,"column":2},"end":{"line":77,"column":3}},{"start":{},"end":{}}],"line":75},"4":{"loc":{"start":{"line":75,"column":6},"end":{"line":75,"column":43}},"type":"binary-expr","locations":[{"start":{"line":75,"column":6},"end":{"line":75,"column":23}},{"start":{"line":75,"column":27},"end":{"line":75,"column":43}}],"line":75},"5":{"loc":{"start":{"line":80,"column":2},"end":{"line":94,"column":3}},"type":"if","locations":[{"start":{"line":80,"column":2},"end":{"line":94,"column":3}},{"start":{},"end":{}}],"line":80},"6":{"loc":{"start":{"line":90,"column":17},"end":{"line":90,"column":104}},"type":"binary-expr","locations":[{"start":{"line":90,"column":17},"end":{"line":90,"column":37}},{"start":{"line":90,"column":41},"end":{"line":90,"column":104}}],"line":90},"7":{"loc":{"start":{"line":109,"column":2},"end":{"line":117,"column":3}},"type":"if","locations":[{"start":{"line":109,"column":2},"end":{"line":117,"column":3}},{"start":{},"end":{}}],"line":109},"8":{"loc":{"start":{"line":122,"column":2},"end":{"line":124,"column":3}},"type":"if","locations":[{"start":{"line":122,"column":2},"end":{"line":124,"column":3}},{"start":{},"end":{}}],"line":122},"9":{"loc":{"start":{"line":122,"column":6},"end":{"line":122,"column":43}},"type":"binary-expr","locations":[{"start":{"line":122,"column":6},"end":{"line":122,"column":23}},{"start":{"line":122,"column":27},"end":{"line":122,"column":43}}],"line":122},"10":{"loc":{"start":{"line":127,"column":2},"end":{"line":135,"column":3}},"type":"if","locations":[{"start":{"line":127,"column":2},"end":{"line":135,"column":3}},{"start":{},"end":{}}],"line":127},"11":{"loc":{"start":{"line":138,"column":2},"end":{"line":146,"column":3}},"type":"if","locations":[{"start":{"line":138,"column":2},"end":{"line":146,"column":3}},{"start":{},"end":{}}],"line":138},"12":{"loc":{"start":{"line":138,"column":6},"end":{"line":138,"column":75}},"type":"binary-expr","locations":[{"start":{"line":138,"column":6},"end":{"line":138,"column":27}},{"start":{"line":138,"column":31},"end":{"line":138,"column":75}}],"line":138}},"s":{"0":6,"1":7,"2":1,"3":6,"4":6,"5":2,"6":4,"7":5,"8":0,"9":5,"10":5,"11":2,"12":3,"13":2,"14":2,"15":1,"16":4,"17":0,"18":4,"19":4,"20":1,"21":3,"22":1,"23":2,"24":1,"25":1,"26":3},"f":{"0":6,"1":7,"2":5,"3":4},"b":{"0":[1,6],"1":[2,4],"2":[0,5],"3":[2,3],"4":[5,4],"5":[2,1],"6":[2,0],"7":[0,4],"8":[1,3],"9":[4,3],"10":[1,2],"11":[1,1],"12":[2,2]},"_coverageSchema":"1a1c01bbd47fc00a2c39e90264f33305004495a9","hash":"358a9e2358d319e90e19fe3e42f3080721d7309f"}
,"/home/ubuntu/hil_delivre_v4/backend/src/middlewares/validationMiddleware.js": {"path":"/home/ubuntu/hil_delivre_v4/backend/src/middlewares/validationMiddleware.js","statementMap":{"0":{"start":{"line":10,"column":12},"end":{"line":10,"column":26}},"1":{"start":{"line":21,"column":23},"end":{"line":21,"column":48}},"2":{"start":{"line":27,"column":23},"end":{"line":27,"column":105}},"3":{"start":{"line":36,"column":23},"end":{"line":115,"column":34}},"4":{"start":{"line":120,"column":20},"end":{"line":138,"column":34}},"5":{"start":{"line":143,"column":27},"end":{"line":149,"column":34}},"6":{"start":{"line":154,"column":29},"end":{"line":165,"column":34}},"7":{"start":{"line":170,"column":28},"end":{"line":188,"column":34}},"8":{"start":{"line":194,"column":28},"end":{"line":217,"column":4}},"9":{"start":{"line":222,"column":26},"end":{"line":268,"column":34}},"10":{"start":{"line":273,"column":26},"end":{"line":297,"column":34}},"11":{"start":{"line":302,"column":24},"end":{"line":334,"column":34}},"12":{"start":{"line":351,"column":2},"end":{"line":375,"column":4}},"13":{"start":{"line":352,"column":29},"end":{"line":354,"column":6}},"14":{"start":{"line":356,"column":4},"end":{"line":370,"column":5}},"15":{"start":{"line":357,"column":22},"end":{"line":360,"column":9}},"16":{"start":{"line":357,"column":53},"end":{"line":360,"column":7}},"17":{"start":{"line":362,"column":6},"end":{"line":369,"column":9}},"18":{"start":{"line":373,"column":4},"end":{"line":373,"column":21}},"19":{"start":{"line":374,"column":4},"end":{"line":374,"column":11}},"20":{"start":{"line":378,"column":0},"end":{"line":391,"column":2}}},"fnMap":{"0":{"name":"validate","decl":{"start":{"line":350,"column":9},"end":{"line":350,"column":17}},"loc":{"start":{"line":350,"column":26},"end":{"line":376,"column":1}},"line":350},"1":{"name":"(anonymous_1)","decl":{"start":{"line":351,"column":9},"end":{"line":351,"column":10}},"loc":{"start":{"line":351,"column":29},"end":{"line":375,"column":3}},"line":351},"2":{"name":"(anonymous_2)","decl":{"start":{"line":357,"column":40},"end":{"line":357,"column":41}},"loc":{"start":{"line":357,"column":53},"end":{"line":360,"column":7}},"line":357}},"branchMap":{"0":{"loc":{"start":{"line":356,"column":4},"end":{"line":370,"column":5}},"type":"if","locations":[{"start":{"line":356,"column":4},"end":{"line":370,"column":5}},{"start":{},"end":{}}],"line":356}},"s":{"0":2,"1":2,"2":2,"3":2,"4":2,"5":2,"6":2,"7":2,"8":2,"9":2,"10":2,"11":2,"12":19,"13":24,"14":24,"15":12,"16":13,"17":12,"18":12,"19":12,"20":2},"f":{"0":19,"1":24,"2":13},"b":{"0":[12,12]},"_coverageSchema":"1a1c01bbd47fc00a2c39e90264f33305004495a9","hash":"d9e5b41a07411a6c4bdc1cd4a9d7bafffd78c93a"}
,"/home/ubuntu/hil_delivre_v4/backend/src/routes/adminRoutes.js": {"path":"/home/ubuntu/hil_delivre_v4/backend/src/routes/adminRoutes.js","statementMap":{"0":{"start":{"line":11,"column":19},"end":{"line":11,"column":37}},"1":{"start":{"line":12,"column":22},"end":{"line":12,"column":61}},"2":{"start":{"line":13,"column":25},"end":{"line":13,"column":65}},"3":{"start":{"line":14,"column":24},"end":{"line":14,"column":64}},"4":{"start":{"line":15,"column":30},"end":{"line":15,"column":76}},"5":{"start":{"line":17,"column":15},"end":{"line":17,"column":23}},"6":{"start":{"line":20,"column":0},"end":{"line":20,"column":25}},"7":{"start":{"line":21,"column":0},"end":{"line":21,"column":33}},"8":{"start":{"line":31,"column":0},"end":{"line":31,"column":57}},"9":{"start":{"line":37,"column":0},"end":{"line":41,"column":2}},"10":{"start":{"line":43,"column":0},"end":{"line":43,"column":24}}},"fnMap":{},"branchMap":{},"s":{"0":2,"1":2,"2":2,"3":2,"4":2,"5":2,"6":2,"7":2,"8":2,"9":2,"10":2},"f":{},"b":{},"_coverageSchema":"1a1c01bbd47fc00a2c39e90264f33305004495a9","hash":"aaa6106144ddb0e024c2088a28a892b92cda04f5"}
,"/home/ubuntu/hil_delivre_v4/backend/src/routes/authRoutes.js": {"path":"/home/ubuntu/hil_delivre_v4/backend/src/routes/authRoutes.js","statementMap":{"0":{"start":{"line":10,"column":19},"end":{"line":10,"column":37}},"1":{"start":{"line":11,"column":18},"end":{"line":11,"column":47}},"2":{"start":{"line":12,"column":23},"end":{"line":12,"column":63}},"3":{"start":{"line":13,"column":25},"end":{"line":13,"column":65}},"4":{"start":{"line":14,"column":30},"end":{"line":14,"column":76}},"5":{"start":{"line":16,"column":15},"end":{"line":16,"column":23}},"6":{"start":{"line":26,"column":20},"end":{"line":43,"column":2}},"7":{"start":{"line":40,"column":18},"end":{"line":40,"column":39}},"8":{"start":{"line":41,"column":4},"end":{"line":41,"column":32}},"9":{"start":{"line":49,"column":21},"end":{"line":62,"column":2}},"10":{"start":{"line":68,"column":29},"end":{"line":80,"column":2}},"11":{"start":{"line":90,"column":0},"end":{"line":95,"column":2}},"12":{"start":{"line":101,"column":0},"end":{"line":106,"column":2}},"13":{"start":{"line":112,"column":0},"end":{"line":117,"column":2}},"14":{"start":{"line":123,"column":0},"end":{"line":128,"column":2}},"15":{"start":{"line":134,"column":0},"end":{"line":139,"column":2}},"16":{"start":{"line":149,"column":0},"end":{"line":153,"column":2}},"17":{"start":{"line":155,"column":0},"end":{"line":155,"column":24}}},"fnMap":{"0":{"name":"(anonymous_0)","decl":{"start":{"line":38,"column":16},"end":{"line":38,"column":17}},"loc":{"start":{"line":38,"column":25},"end":{"line":42,"column":3}},"line":38}},"branchMap":{"0":{"loc":{"start":{"line":40,"column":18},"end":{"line":40,"column":39}},"type":"binary-expr","locations":[{"start":{"line":40,"column":18},"end":{"line":40,"column":33}},{"start":{"line":40,"column":37},"end":{"line":40,"column":39}}],"line":40}},"s":{"0":2,"1":2,"2":2,"3":2,"4":2,"5":2,"6":2,"7":11,"8":11,"9":2,"10":2,"11":2,"12":2,"13":2,"14":2,"15":2,"16":2,"17":2},"f":{"0":11},"b":{"0":[11,4]},"_coverageSchema":"1a1c01bbd47fc00a2c39e90264f33305004495a9","hash":"b99d55f62faa04f72d1f161b3452d38a2879d96f"}
,"/home/ubuntu/hil_delivre_v4/backend/src/routes/kycRoutes.js": {"path":"/home/ubuntu/hil_delivre_v4/backend/src/routes/kycRoutes.js","statementMap":{"0":{"start":{"line":11,"column":19},"end":{"line":11,"column":37}},"1":{"start":{"line":12,"column":22},"end":{"line":12,"column":61}},"2":{"start":{"line":13,"column":25},"end":{"line":13,"column":65}},"3":{"start":{"line":14,"column":24},"end":{"line":14,"column":64}},"4":{"start":{"line":15,"column":30},"end":{"line":15,"column":76}},"5":{"start":{"line":17,"column":15},"end":{"line":17,"column":23}},"6":{"start":{"line":20,"column":0},"end":{"line":20,"column":25}},"7":{"start":{"line":31,"column":0},"end":{"line":47,"column":2}},"8":{"start":{"line":35,"column":26},"end":{"line":35,"column":50}},"9":{"start":{"line":37,"column":4},"end":{"line":41,"column":5}},"10":{"start":{"line":38,"column":6},"end":{"line":38,"column":65}},"11":{"start":{"line":39,"column":11},"end":{"line":41,"column":5}},"12":{"start":{"line":40,"column":6},"end":{"line":40,"column":65}},"13":{"start":{"line":44,"column":4},"end":{"line":44,"column":63}},"14":{"start":{"line":53,"column":0},"end":{"line":53,"column":50}},"15":{"start":{"line":55,"column":0},"end":{"line":55,"column":24}}},"fnMap":{"0":{"name":"(anonymous_0)","decl":{"start":{"line":33,"column":2},"end":{"line":33,"column":3}},"loc":{"start":{"line":33,"column":22},"end":{"line":45,"column":3}},"line":33}},"branchMap":{"0":{"loc":{"start":{"line":37,"column":4},"end":{"line":41,"column":5}},"type":"if","locations":[{"start":{"line":37,"column":4},"end":{"line":41,"column":5}},{"start":{"line":39,"column":11},"end":{"line":41,"column":5}}],"line":37},"1":{"loc":{"start":{"line":39,"column":11},"end":{"line":41,"column":5}},"type":"if","locations":[{"start":{"line":39,"column":11},"end":{"line":41,"column":5}},{"start":{},"end":{}}],"line":39}},"s":{"0":2,"1":2,"2":2,"3":2,"4":2,"5":2,"6":2,"7":2,"8":5,"9":5,"10":3,"11":2,"12":1,"13":1,"14":2,"15":2},"f":{"0":5},"b":{"0":[3,2],"1":[1,1]},"_coverageSchema":"1a1c01bbd47fc00a2c39e90264f33305004495a9","hash":"8e7e4fe11753fc20d185e17a65ef892f8f92aa40"}
,"/home/ubuntu/hil_delivre_v4/backend/src/routes/profileRoutes.js": {"path":"/home/ubuntu/hil_delivre_v4/backend/src/routes/profileRoutes.js","statementMap":{"0":{"start":{"line":10,"column":19},"end":{"line":10,"column":37}},"1":{"start":{"line":11,"column":26},"end":{"line":11,"column":69}},"2":{"start":{"line":12,"column":25},"end":{"line":12,"column":65}},"3":{"start":{"line":13,"column":30},"end":{"line":13,"column":76}},"4":{"start":{"line":15,"column":15},"end":{"line":15,"column":23}},"5":{"start":{"line":18,"column":0},"end":{"line":18,"column":25}},"6":{"start":{"line":24,"column":0},"end":{"line":24,"column":53}},"7":{"start":{"line":30,"column":0},"end":{"line":34,"column":2}},"8":{"start":{"line":40,"column":0},"end":{"line":40,"column":59}},"9":{"start":{"line":42,"column":0},"end":{"line":42,"column":24}}},"fnMap":{},"branchMap":{},"s":{"0":2,"1":2,"2":2,"3":2,"4":2,"5":2,"6":2,"7":2,"8":2,"9":2},"f":{},"b":{},"_coverageSchema":"1a1c01bbd47fc00a2c39e90264f33305004495a9","hash":"f8b09792a29db00dcb70e95813ee7da989d870c1"}
,"/home/ubuntu/hil_delivre_v4/backend/src/services/auditService.js": {"path":"/home/ubuntu/hil_delivre_v4/backend/src/services/auditService.js","statementMap":{"0":{"start":{"line":11,"column":26},"end":{"line":11,"column":54}},"1":{"start":{"line":38,"column":2},"end":{"line":64,"column":3}},"2":{"start":{"line":39,"column":4},"end":{"line":42,"column":5}},"3":{"start":{"line":40,"column":6},"end":{"line":40,"column":73}},"4":{"start":{"line":41,"column":6},"end":{"line":41,"column":13}},"5":{"start":{"line":44,"column":22},"end":{"line":55,"column":8}},"6":{"start":{"line":57,"column":4},"end":{"line":60,"column":5}},"7":{"start":{"line":59,"column":6},"end":{"line":59,"column":81}},"8":{"start":{"line":63,"column":4},"end":{"line":63,"column":70}},"9":{"start":{"line":76,"column":2},"end":{"line":84,"column":5}},"10":{"start":{"line":96,"column":2},"end":{"line":105,"column":5}},"11":{"start":{"line":118,"column":2},"end":{"line":126,"column":5}},"12":{"start":{"line":129,"column":0},"end":{"line":134,"column":2}}},"fnMap":{"0":{"name":"logAudit","decl":{"start":{"line":28,"column":15},"end":{"line":28,"column":23}},"loc":{"start":{"line":37,"column":3},"end":{"line":65,"column":1}},"line":37},"1":{"name":"logAuthEvent","decl":{"start":{"line":75,"column":15},"end":{"line":75,"column":27}},"loc":{"start":{"line":75,"column":64},"end":{"line":85,"column":1}},"line":75},"2":{"name":"logProfileUpdate","decl":{"start":{"line":95,"column":15},"end":{"line":95,"column":31}},"loc":{"start":{"line":95,"column":69},"end":{"line":106,"column":1}},"line":95},"3":{"name":"logKYCEvent","decl":{"start":{"line":117,"column":15},"end":{"line":117,"column":26}},"loc":{"start":{"line":117,"column":78},"end":{"line":127,"column":1}},"line":117}},"branchMap":{"0":{"loc":{"start":{"line":29,"column":2},"end":{"line":29,"column":15}},"type":"default-arg","locations":[{"start":{"line":29,"column":11},"end":{"line":29,"column":15}}],"line":29},"1":{"loc":{"start":{"line":31,"column":2},"end":{"line":31,"column":19}},"type":"default-arg","locations":[{"start":{"line":31,"column":15},"end":{"line":31,"column":19}}],"line":31},"2":{"loc":{"start":{"line":32,"column":2},"end":{"line":32,"column":17}},"type":"default-arg","locations":[{"start":{"line":32,"column":13},"end":{"line":32,"column":17}}],"line":32},"3":{"loc":{"start":{"line":33,"column":2},"end":{"line":33,"column":17}},"type":"default-arg","locations":[{"start":{"line":33,"column":13},"end":{"line":33,"column":17}}],"line":33},"4":{"loc":{"start":{"line":34,"column":2},"end":{"line":34,"column":17}},"type":"default-arg","locations":[{"start":{"line":34,"column":13},"end":{"line":34,"column":17}}],"line":34},"5":{"loc":{"start":{"line":35,"column":2},"end":{"line":35,"column":18}},"type":"default-arg","locations":[{"start":{"line":35,"column":14},"end":{"line":35,"column":18}}],"line":35},"6":{"loc":{"start":{"line":36,"column":2},"end":{"line":36,"column":18}},"type":"default-arg","locations":[{"start":{"line":36,"column":14},"end":{"line":36,"column":18}}],"line":36},"7":{"loc":{"start":{"line":39,"column":4},"end":{"line":42,"column":5}},"type":"if","locations":[{"start":{"line":39,"column":4},"end":{"line":42,"column":5}},{"start":{},"end":{}}],"line":39},"8":{"loc":{"start":{"line":57,"column":4},"end":{"line":60,"column":5}},"type":"if","locations":[{"start":{"line":57,"column":4},"end":{"line":60,"column":5}},{"start":{},"end":{}}],"line":57},"9":{"loc":{"start":{"line":75,"column":49},"end":{"line":75,"column":62}},"type":"default-arg","locations":[{"start":{"line":75,"column":60},"end":{"line":75,"column":62}}],"line":75},"10":{"loc":{"start":{"line":82,"column":15},"end":{"line":82,"column":54}},"type":"binary-expr","locations":[{"start":{"line":82,"column":15},"end":{"line":82,"column":21}},{"start":{"line":82,"column":25},"end":{"line":82,"column":54}}],"line":82},"11":{"loc":{"start":{"line":103,"column":15},"end":{"line":103,"column":54}},"type":"binary-expr","locations":[{"start":{"line":103,"column":15},"end":{"line":103,"column":21}},{"start":{"line":103,"column":25},"end":{"line":103,"column":54}}],"line":103},"12":{"loc":{"start":{"line":117,"column":63},"end":{"line":117,"column":76}},"type":"default-arg","locations":[{"start":{"line":117,"column":74},"end":{"line":117,"column":76}}],"line":117},"13":{"loc":{"start":{"line":119,"column":12},"end":{"line":119,"column":35}},"type":"binary-expr","locations":[{"start":{"line":119,"column":12},"end":{"line":119,"column":19}},{"start":{"line":119,"column":23},"end":{"line":119,"column":35}}],"line":119},"14":{"loc":{"start":{"line":124,"column":15},"end":{"line":124,"column":54}},"type":"binary-expr","locations":[{"start":{"line":124,"column":15},"end":{"line":124,"column":21}},{"start":{"line":124,"column":25},"end":{"line":124,"column":54}}],"line":124}},"s":{"0":0,"1":0,"2":0,"3":0,"4":0,"5":0,"6":0,"7":0,"8":0,"9":0,"10":0,"11":0,"12":0},"f":{"0":0,"1":0,"2":0,"3":0},"b":{"0":[0],"1":[0],"2":[0],"3":[0],"4":[0],"5":[0],"6":[0],"7":[0,0],"8":[0,0],"9":[0],"10":[0,0],"11":[0,0],"12":[0],"13":[0,0],"14":[0,0]}}
,"/home/ubuntu/hil_delivre_v4/backend/src/services/consentService.js": {"path":"/home/ubuntu/hil_delivre_v4/backend/src/services/consentService.js","statementMap":{"0":{"start":{"line":11,"column":26},"end":{"line":11,"column":54}},"1":{"start":{"line":17,"column":25},"end":{"line":22,"column":1}},"2":{"start":{"line":35,"column":2},"end":{"line":92,"column":3}},"3":{"start":{"line":36,"column":22},"end":{"line":36,"column":61}},"4":{"start":{"line":37,"column":22},"end":{"line":37,"column":49}},"5":{"start":{"line":39,"column":27},"end":{"line":39,"column":29}},"6":{"start":{"line":42,"column":4},"end":{"line":61,"column":5}},"7":{"start":{"line":43,"column":6},"end":{"line":50,"column":9}},"8":{"start":{"line":53,"column":6},"end":{"line":60,"column":9}},"9":{"start":{"line":64,"column":4},"end":{"line":73,"column":5}},"10":{"start":{"line":65,"column":6},"end":{"line":72,"column":9}},"11":{"start":{"line":75,"column":4},"end":{"line":77,"column":5}},"12":{"start":{"line":76,"column":6},"end":{"line":76,"column":75}},"13":{"start":{"line":79,"column":22},"end":{"line":81,"column":29}},"14":{"start":{"line":83,"column":4},"end":{"line":86,"column":5}},"15":{"start":{"line":84,"column":6},"end":{"line":84,"column":92}},"16":{"start":{"line":85,"column":6},"end":{"line":85,"column":54}},"17":{"start":{"line":88,"column":4},"end":{"line":88,"column":29}},"18":{"start":{"line":90,"column":4},"end":{"line":90,"column":72}},"19":{"start":{"line":91,"column":4},"end":{"line":91,"column":52}},"20":{"start":{"line":103,"column":2},"end":{"line":131,"column":3}},"21":{"start":{"line":104,"column":26},"end":{"line":104,"column":83}},"22":{"start":{"line":106,"column":38},"end":{"line":111,"column":29}},"23":{"start":{"line":113,"column":4},"end":{"line":116,"column":5}},"24":{"start":{"line":114,"column":6},"end":{"line":114,"column":76}},"25":{"start":{"line":115,"column":6},"end":{"line":115,"column":54}},"26":{"start":{"line":118,"column":20},"end":{"line":125,"column":6}},"27":{"start":{"line":119,"column":22},"end":{"line":123,"column":7}},"28":{"start":{"line":120,"column":15},"end":{"line":122,"column":57}},"29":{"start":{"line":124,"column":6},"end":{"line":124,"column":22}},"30":{"start":{"line":127,"column":4},"end":{"line":127,"column":52}},"31":{"start":{"line":129,"column":4},"end":{"line":129,"column":72}},"32":{"start":{"line":130,"column":4},"end":{"line":130,"column":96}},"33":{"start":{"line":142,"column":2},"end":{"line":159,"column":3}},"34":{"start":{"line":143,"column":22},"end":{"line":148,"column":29}},"35":{"start":{"line":150,"column":4},"end":{"line":153,"column":5}},"36":{"start":{"line":151,"column":6},"end":{"line":151,"column":74}},"37":{"start":{"line":152,"column":6},"end":{"line":152,"column":54}},"38":{"start":{"line":155,"column":4},"end":{"line":155,"column":29}},"39":{"start":{"line":157,"column":4},"end":{"line":157,"column":72}},"40":{"start":{"line":158,"column":4},"end":{"line":158,"column":52}},"41":{"start":{"line":162,"column":0},"end":{"line":167,"column":2}}},"fnMap":{"0":{"name":"recordRegistrationConsents","decl":{"start":{"line":34,"column":15},"end":{"line":34,"column":41}},"loc":{"start":{"line":34,"column":65},"end":{"line":93,"column":1}},"line":34},"1":{"name":"verifyConsents","decl":{"start":{"line":102,"column":15},"end":{"line":102,"column":29}},"loc":{"start":{"line":102,"column":38},"end":{"line":132,"column":1}},"line":102},"2":{"name":"(anonymous_2)","decl":{"start":{"line":118,"column":41},"end":{"line":118,"column":42}},"loc":{"start":{"line":118,"column":51},"end":{"line":125,"column":5}},"line":118},"3":{"name":"(anonymous_3)","decl":{"start":{"line":120,"column":8},"end":{"line":120,"column":9}},"loc":{"start":{"line":120,"column":15},"end":{"line":122,"column":57}},"line":120},"4":{"name":"revokeConsent","decl":{"start":{"line":141,"column":15},"end":{"line":141,"column":28}},"loc":{"start":{"line":141,"column":50},"end":{"line":160,"column":1}},"line":141}},"branchMap":{"0":{"loc":{"start":{"line":36,"column":22},"end":{"line":36,"column":61}},"type":"binary-expr","locations":[{"start":{"line":36,"column":22},"end":{"line":36,"column":28}},{"start":{"line":36,"column":32},"end":{"line":36,"column":61}}],"line":36},"1":{"loc":{"start":{"line":42,"column":4},"end":{"line":61,"column":5}},"type":"if","locations":[{"start":{"line":42,"column":4},"end":{"line":61,"column":5}},{"start":{},"end":{}}],"line":42},"2":{"loc":{"start":{"line":64,"column":4},"end":{"line":73,"column":5}},"type":"if","locations":[{"start":{"line":64,"column":4},"end":{"line":73,"column":5}},{"start":{},"end":{}}],"line":64},"3":{"loc":{"start":{"line":75,"column":4},"end":{"line":77,"column":5}},"type":"if","locations":[{"start":{"line":75,"column":4},"end":{"line":77,"column":5}},{"start":{},"end":{}}],"line":75},"4":{"loc":{"start":{"line":83,"column":4},"end":{"line":86,"column":5}},"type":"if","locations":[{"start":{"line":83,"column":4},"end":{"line":86,"column":5}},{"start":{},"end":{}}],"line":83},"5":{"loc":{"start":{"line":113,"column":4},"end":{"line":116,"column":5}},"type":"if","locations":[{"start":{"line":113,"column":4},"end":{"line":116,"column":5}},{"start":{},"end":{}}],"line":113},"6":{"loc":{"start":{"line":120,"column":15},"end":{"line":122,"column":57}},"type":"binary-expr","locations":[{"start":{"line":120,"column":15},"end":{"line":120,"column":38}},{"start":{"line":121,"column":13},"end":{"line":121,"column":37}},{"start":{"line":122,"column":13},"end":{"line":122,"column":57}}],"line":120},"7":{"loc":{"start":{"line":150,"column":4},"end":{"line":153,"column":5}},"type":"if","locations":[{"start":{"line":150,"column":4},"end":{"line":153,"column":5}},{"start":{},"end":{}}],"line":150}},"s":{"0":0,"1":0,"2":0,"3":0,"4":0,"5":0,"6":0,"7":0,"8":0,"9":0,"10":0,"11":0,"12":0,"13":0,"14":0,"15":0,"16":0,"17":0,"18":0,"19":0,"20":0,"21":0,"22":0,"23":0,"24":0,"25":0,"26":0,"27":0,"28":0,"29":0,"30":0,"31":0,"32":0,"33":0,"34":0,"35":0,"36":0,"37":0,"38":0,"39":0,"40":0,"41":0},"f":{"0":0,"1":0,"2":0,"3":0,"4":0},"b":{"0":[0,0],"1":[0,0],"2":[0,0],"3":[0,0],"4":[0,0],"5":[0,0],"6":[0,0,0],"7":[0,0]}}
,"/home/ubuntu/hil_delivre_v4/backend/src/services/supabaseService.js": {"path":"/home/ubuntu/hil_delivre_v4/backend/src/services/supabaseService.js","statementMap":{"0":{"start":{"line":12,"column":25},"end":{"line":12,"column":57}},"1":{"start":{"line":14,"column":21},"end":{"line":14,"column":45}},"2":{"start":{"line":15,"column":26},"end":{"line":15,"column":55}},"3":{"start":{"line":16,"column":34},"end":{"line":16,"column":71}},"4":{"start":{"line":19,"column":0},"end":{"line":23,"column":1}},"5":{"start":{"line":20,"column":2},"end":{"line":22,"column":4}},"6":{"start":{"line":30,"column":22},"end":{"line":35,"column":2}},"7":{"start":{"line":45,"column":2},"end":{"line":47,"column":3}},"8":{"start":{"line":46,"column":4},"end":{"line":46,"column":93}},"9":{"start":{"line":49,"column":2},"end":{"line":59,"column":5}},"10":{"start":{"line":62,"column":0},"end":{"line":66,"column":2}}},"fnMap":{"0":{"name":"getSupabaseClient","decl":{"start":{"line":44,"column":9},"end":{"line":44,"column":26}},"loc":{"start":{"line":44,"column":40},"end":{"line":60,"column":1}},"line":44}},"branchMap":{"0":{"loc":{"start":{"line":19,"column":0},"end":{"line":23,"column":1}},"type":"if","locations":[{"start":{"line":19,"column":0},"end":{"line":23,"column":1}},{"start":{},"end":{}}],"line":19},"1":{"loc":{"start":{"line":19,"column":4},"end":{"line":19,"column":69}},"type":"binary-expr","locations":[{"start":{"line":19,"column":4},"end":{"line":19,"column":17}},{"start":{"line":19,"column":21},"end":{"line":19,"column":39}},{"start":{"line":19,"column":43},"end":{"line":19,"column":69}}],"line":19},"2":{"loc":{"start":{"line":45,"column":2},"end":{"line":47,"column":3}},"type":"if","locations":[{"start":{"line":45,"column":2},"end":{"line":47,"column":3}},{"start":{},"end":{}}],"line":45}},"s":{"0":0,"1":0,"2":0,"3":0,"4":0,"5":0,"6":0,"7":0,"8":0,"9":0,"10":0},"f":{"0":0},"b":{"0":[0,0],"1":[0,0,0],"2":[0,0]}}
,"/home/ubuntu/hil_delivre_v4/backend/src/utils/responseHelper.js": {"path":"/home/ubuntu/hil_delivre_v4/backend/src/utils/responseHelper.js","statementMap":{"0":{"start":{"line":20,"column":19},"end":{"line":23,"column":3}},"1":{"start":{"line":25,"column":2},"end":{"line":27,"column":3}},"2":{"start":{"line":26,"column":4},"end":{"line":26,"column":25}},"3":{"start":{"line":29,"column":2},"end":{"line":29,"column":47}},"4":{"start":{"line":43,"column":19},"end":{"line":49,"column":3}},"5":{"start":{"line":51,"column":2},"end":{"line":53,"column":3}},"6":{"start":{"line":52,"column":4},"end":{"line":52,"column":37}},"7":{"start":{"line":55,"column":2},"end":{"line":55,"column":47}},"8":{"start":{"line":70,"column":2},"end":{"line":83,"column":5}},"9":{"start":{"line":86,"column":0},"end":{"line":90,"column":2}}},"fnMap":{"0":{"name":"success","decl":{"start":{"line":19,"column":9},"end":{"line":19,"column":16}},"loc":{"start":{"line":19,"column":56},"end":{"line":30,"column":1}},"line":19},"1":{"name":"error","decl":{"start":{"line":42,"column":9},"end":{"line":42,"column":14}},"loc":{"start":{"line":42,"column":63},"end":{"line":56,"column":1}},"line":42},"2":{"name":"paginated","decl":{"start":{"line":69,"column":9},"end":{"line":69,"column":18}},"loc":{"start":{"line":69,"column":43},"end":{"line":84,"column":1}},"line":69}},"branchMap":{"0":{"loc":{"start":{"line":19,"column":43},"end":{"line":19,"column":54}},"type":"default-arg","locations":[{"start":{"line":19,"column":50},"end":{"line":19,"column":54}}],"line":19},"1":{"loc":{"start":{"line":25,"column":2},"end":{"line":27,"column":3}},"type":"if","locations":[{"start":{"line":25,"column":2},"end":{"line":27,"column":3}},{"start":{},"end":{}}],"line":25},"2":{"loc":{"start":{"line":42,"column":47},"end":{"line":42,"column":61}},"type":"default-arg","locations":[{"start":{"line":42,"column":57},"end":{"line":42,"column":61}}],"line":42},"3":{"loc":{"start":{"line":51,"column":2},"end":{"line":53,"column":3}},"type":"if","locations":[{"start":{"line":51,"column":2},"end":{"line":53,"column":3}},{"start":{},"end":{}}],"line":51},"4":{"loc":{"start":{"line":51,"column":6},"end":{"line":51,"column":54}},"type":"binary-expr","locations":[{"start":{"line":51,"column":6},"end":{"line":51,"column":13}},{"start":{"line":51,"column":17},"end":{"line":51,"column":54}}],"line":51}},"s":{"0":0,"1":0,"2":0,"3":0,"4":0,"5":0,"6":0,"7":0,"8":0,"9":0},"f":{"0":0,"1":0,"2":0},"b":{"0":[0],"1":[0,0],"2":[0],"3":[0,0],"4":[0,0]}}
}
