TN:
SF:src/app.js
FN:56,(anonymous_0)
FN:59,(anonymous_1)
FN:123,(anonymous_2)
FN:136,(anonymous_3)
FN:161,(anonymous_4)
FN:176,(anonymous_5)
FNF:6
FNH:5
FNDA:2,(anonymous_0)
FNDA:32,(anonymous_1)
FNDA:1,(anonymous_2)
FNDA:1,(anonymous_3)
FNDA:1,(anonymous_4)
FNDA:0,(anonymous_5)
DA:10,2
DA:11,2
DA:12,2
DA:13,2
DA:14,2
DA:16,2
DA:17,2
DA:18,2
DA:19,2
DA:21,2
DA:34,2
DA:54,2
DA:56,2
DA:58,2
DA:61,32
DA:62,0
DA:63,0
DA:65,0
DA:76,2
DA:90,2
DA:100,2
DA:101,2
DA:112,2
DA:113,2
DA:123,2
DA:124,1
DA:136,2
DA:137,1
DA:149,2
DA:150,2
DA:151,2
DA:152,2
DA:161,2
DA:162,1
DA:176,2
DA:178,0
DA:179,0
DA:189,0
DA:190,0
DA:200,0
DA:201,0
DA:211,0
DA:213,0
DA:214,0
DA:223,0
DA:224,0
DA:225,0
DA:228,0
DA:231,2
LF:49
LH:33
BRDA:41,0,0,2
BRDA:41,0,1,2
BRDA:54,1,0,2
BRDA:54,1,1,2
BRDA:61,2,0,32
BRDA:61,2,1,0
BRDA:62,3,0,0
BRDA:62,3,1,0
BRDA:112,4,0,0
BRDA:112,4,1,2
BRDA:127,5,0,1
BRDA:127,5,1,0
BRDA:128,6,0,1
BRDA:128,6,1,0
BRDA:141,7,0,1
BRDA:141,7,1,0
BRDA:178,8,0,0
BRDA:178,8,1,0
BRDA:189,9,0,0
BRDA:189,9,1,0
BRDA:200,10,0,0
BRDA:200,10,1,0
BRDA:211,11,0,0
BRDA:211,11,1,0
BRDA:213,12,0,0
BRDA:213,12,1,0
BRDA:213,12,2,0
BRDA:223,13,0,0
BRDA:223,13,1,0
BRF:29
BRH:9
end_of_record
TN:
SF:src/controllers/authController.js
FN:30,register
FN:46,(anonymous_1)
FN:183,login
FN:274,logout
FN:309,refreshToken
FN:358,forgotPassword
FN:398,resetPassword
FN:460,sanitizeProfile
FNF:8
FNH:6
FNDA:3,register
FNDA:1,(anonymous_1)
FNDA:3,login
FNDA:0,logout
FNDA:2,refreshToken
FNDA:1,forgotPassword
FNDA:0,resetPassword
FNDA:3,sanitizeProfile
DA:14,2
DA:31,3
DA:41,3
DA:44,3
DA:45,3
DA:46,1
DA:49,3
DA:50,1
DA:61,2
DA:72,2
DA:73,0
DA:76,0
DA:77,0
DA:86,0
DA:95,2
DA:98,2
DA:108,2
DA:109,0
DA:114,2
DA:120,2
DA:125,2
DA:128,0
DA:138,2
DA:145,2
DA:147,2
DA:165,0
DA:166,0
DA:184,3
DA:185,3
DA:188,3
DA:193,3
DA:195,1
DA:204,2
DA:207,2
DA:213,2
DA:214,0
DA:215,0
DA:225,2
DA:226,1
DA:236,1
DA:238,1
DA:256,0
DA:257,0
DA:275,0
DA:277,0
DA:279,0
DA:281,0
DA:284,0
DA:286,0
DA:291,0
DA:292,0
DA:310,2
DA:311,2
DA:313,2
DA:317,2
DA:318,1
DA:327,1
DA:340,0
DA:341,0
DA:359,1
DA:360,1
DA:363,1
DA:367,1
DA:368,0
DA:372,1
DA:375,1
DA:380,0
DA:381,0
DA:399,0
DA:400,0
DA:403,0
DA:405,0
DA:406,0
DA:416,0
DA:420,0
DA:421,0
DA:422,0
DA:431,0
DA:433,0
DA:438,0
DA:439,0
DA:461,3
DA:487,3
DA:489,3
DA:516,2
LF:85
LH:47
BRDA:49,0,0,1
BRDA:49,0,1,2
BRDA:72,1,0,0
BRDA:72,1,1,2
BRDA:76,2,0,0
BRDA:76,2,1,0
BRDA:104,3,0,2
BRDA:104,3,1,0
BRDA:108,4,0,0
BRDA:108,4,1,2
BRDA:125,5,0,0
BRDA:125,5,1,2
BRDA:193,6,0,1
BRDA:193,6,1,2
BRDA:213,7,0,0
BRDA:213,7,1,2
BRDA:213,8,0,2
BRDA:213,8,1,2
BRDA:225,9,0,1
BRDA:225,9,1,1
BRDA:279,10,0,0
BRDA:279,10,1,0
BRDA:317,11,0,1
BRDA:317,11,1,1
BRDA:317,12,0,2
BRDA:317,12,1,1
BRDA:364,13,0,1
BRDA:364,13,1,1
BRDA:367,14,0,0
BRDA:367,14,1,1
BRDA:405,15,0,0
BRDA:405,15,1,0
BRDA:405,16,0,0
BRDA:405,16,1,0
BRDA:420,17,0,0
BRDA:420,17,1,0
BRDA:461,18,0,0
BRDA:461,18,1,3
BRF:38
BRH:21
end_of_record
TN:
SF:src/controllers/kycController.js
FN:31,submitKYC
FN:127,getKYCStatus
FN:167,reviewKYC
FN:279,listPendingKYC
FNF:4
FNH:2
FNDA:3,submitKYC
FNDA:1,getKYCStatus
FNDA:0,reviewKYC
FNDA:0,listPendingKYC
DA:17,2
DA:32,3
DA:33,3
DA:34,3
DA:37,3
DA:38,1
DA:48,2
DA:49,0
DA:58,2
DA:61,2
DA:67,2
DA:68,1
DA:69,1
DA:70,1
DA:71,1
DA:72,1
DA:75,2
DA:76,1
DA:80,2
DA:87,2
DA:88,0
DA:89,0
DA:98,2
DA:100,2
DA:109,0
DA:110,0
DA:128,1
DA:129,1
DA:131,1
DA:141,0
DA:142,0
DA:168,0
DA:169,0
DA:170,0
DA:173,0
DA:179,0
DA:180,0
DA:190,0
DA:191,0
DA:201,0
DA:202,0
DA:212,0
DA:216,0
DA:218,0
DA:221,0
DA:228,0
DA:229,0
DA:230,0
DA:240,0
DA:247,0
DA:249,0
DA:261,0
DA:262,0
DA:280,0
DA:281,0
DA:282,0
DA:283,0
DA:285,0
DA:293,0
DA:294,0
DA:295,0
DA:304,0
DA:317,0
DA:318,0
DA:328,2
LF:65
LH:25
BRDA:37,0,0,1
BRDA:37,0,1,2
BRDA:48,1,0,0
BRDA:48,1,1,2
BRDA:48,2,0,2
BRDA:48,2,1,2
BRDA:67,3,0,1
BRDA:67,3,1,1
BRDA:71,4,0,1
BRDA:71,4,1,0
BRDA:72,5,0,1
BRDA:72,5,1,0
BRDA:75,6,0,1
BRDA:75,6,1,1
BRDA:76,7,0,1
BRDA:76,7,1,0
BRDA:87,8,0,0
BRDA:87,8,1,2
BRDA:179,9,0,0
BRDA:179,9,1,0
BRDA:179,10,0,0
BRDA:179,10,1,0
BRDA:190,11,0,0
BRDA:190,11,1,0
BRDA:201,12,0,0
BRDA:201,12,1,0
BRDA:216,13,0,0
BRDA:216,13,1,0
BRDA:228,14,0,0
BRDA:228,14,1,0
BRDA:244,15,0,0
BRDA:244,15,1,0
BRDA:245,16,0,0
BRDA:245,16,1,0
BRDA:251,17,0,0
BRDA:251,17,1,0
BRDA:281,18,0,0
BRDA:281,18,1,0
BRDA:282,19,0,0
BRDA:282,19,1,0
BRDA:293,20,0,0
BRDA:293,20,1,0
BRDA:311,21,0,0
BRDA:311,21,1,0
BRDA:312,22,0,0
BRDA:312,22,1,0
BRF:46
BRH:13
end_of_record
TN:
SF:src/controllers/profileController.js
FN:20,getProfile
FN:70,updateProfile
FN:148,deleteProfile
FN:218,sanitizeProfile
FNF:4
FNH:0
FNDA:0,getProfile
FNDA:0,updateProfile
FNDA:0,deleteProfile
FNDA:0,sanitizeProfile
DA:11,2
DA:21,0
DA:23,0
DA:25,0
DA:26,0
DA:35,0
DA:46,0
DA:47,0
DA:71,0
DA:72,0
DA:73,0
DA:76,0
DA:84,0
DA:85,0
DA:89,0
DA:90,0
DA:100,0
DA:107,0
DA:108,0
DA:109,0
DA:118,0
DA:120,0
DA:128,0
DA:129,0
DA:149,0
DA:150,0
DA:153,0
DA:170,0
DA:171,0
DA:172,0
DA:182,0
DA:186,0
DA:187,0
DA:190,0
DA:192,0
DA:197,0
DA:198,0
DA:219,0
DA:246,0
DA:248,0
DA:275,2
LF:41
LH:2
BRDA:25,0,0,0
BRDA:25,0,1,0
BRDA:89,1,0,0
BRDA:89,1,1,0
BRDA:107,2,0,0
BRDA:107,2,1,0
BRDA:170,3,0,0
BRDA:170,3,1,0
BRDA:186,4,0,0
BRDA:186,4,1,0
BRDA:219,5,0,0
BRDA:219,5,1,0
BRF:12
BRH:0
end_of_record
TN:
SF:src/middlewares/authMiddleware.js
FN:27,authenticate
FN:124,optionalAuthenticate
FN:133,(anonymous_2)
FNF:3
FNH:1
FNDA:24,authenticate
FNDA:0,optionalAuthenticate
FNDA:0,(anonymous_2)
DA:11,3
DA:28,24
DA:30,24
DA:32,24
DA:33,5
DA:42,19
DA:44,19
DA:45,1
DA:55,18
DA:57,18
DA:58,1
DA:68,17
DA:74,17
DA:76,0
DA:77,0
DA:87,17
DA:88,1
DA:98,16
DA:99,16
DA:100,16
DA:102,16
DA:104,0
DA:105,0
DA:125,0
DA:127,0
DA:128,0
DA:132,0
DA:133,0
DA:135,0
DA:136,0
DA:142,0
DA:145,3
LF:32
LH:20
BRDA:32,0,0,5
BRDA:32,0,1,19
BRDA:32,1,0,24
BRDA:32,1,1,20
BRDA:44,2,0,1
BRDA:44,2,1,18
BRDA:44,3,0,19
BRDA:44,3,1,18
BRDA:57,4,0,1
BRDA:57,4,1,17
BRDA:57,5,0,18
BRDA:57,5,1,17
BRDA:74,6,0,0
BRDA:74,6,1,17
BRDA:74,7,0,17
BRDA:74,7,1,17
BRDA:87,8,0,1
BRDA:87,8,1,16
BRDA:127,9,0,0
BRDA:127,9,1,0
BRDA:127,10,0,0
BRDA:127,10,1,0
BRDA:135,11,0,0
BRDA:135,11,1,0
BRF:24
BRH:17
end_of_record
TN:
SF:src/middlewares/roleMiddleware.js
FN:21,requireRole
FN:22,(anonymous_1)
FN:61,requireKYC
FN:108,requireSubscription
FNF:4
FNH:4
FNDA:6,requireRole
FNDA:7,(anonymous_1)
FNDA:5,requireKYC
FNDA:4,requireSubscription
DA:22,6
DA:23,7
DA:24,1
DA:33,6
DA:35,6
DA:36,2
DA:45,4
DA:62,5
DA:63,0
DA:72,5
DA:75,5
DA:76,2
DA:80,3
DA:81,2
DA:86,2
DA:96,1
DA:109,4
DA:110,0
DA:119,4
DA:122,4
DA:123,1
DA:127,3
DA:128,1
DA:138,2
DA:139,1
DA:148,1
DA:151,3
LF:27
LH:25
BRDA:23,0,0,1
BRDA:23,0,1,6
BRDA:35,1,0,2
BRDA:35,1,1,4
BRDA:62,2,0,0
BRDA:62,2,1,5
BRDA:75,3,0,2
BRDA:75,3,1,3
BRDA:75,4,0,5
BRDA:75,4,1,4
BRDA:80,5,0,2
BRDA:80,5,1,1
BRDA:90,6,0,2
BRDA:90,6,1,0
BRDA:109,7,0,0
BRDA:109,7,1,4
BRDA:122,8,0,1
BRDA:122,8,1,3
BRDA:122,9,0,4
BRDA:122,9,1,3
BRDA:127,10,0,1
BRDA:127,10,1,2
BRDA:138,11,0,1
BRDA:138,11,1,1
BRDA:138,12,0,2
BRDA:138,12,1,2
BRF:26
BRH:23
end_of_record
TN:
SF:src/middlewares/validationMiddleware.js
FN:350,validate
FN:351,(anonymous_1)
FN:357,(anonymous_2)
FNF:3
FNH:3
FNDA:19,validate
FNDA:24,(anonymous_1)
FNDA:13,(anonymous_2)
DA:10,2
DA:21,2
DA:27,2
DA:36,2
DA:120,2
DA:143,2
DA:154,2
DA:170,2
DA:194,2
DA:222,2
DA:273,2
DA:302,2
DA:351,19
DA:352,24
DA:356,24
DA:357,13
DA:362,12
DA:373,12
DA:374,12
DA:378,2
LF:20
LH:20
BRDA:356,0,0,12
BRDA:356,0,1,12
BRF:2
BRH:2
end_of_record
TN:
SF:src/routes/adminRoutes.js
FNF:0
FNH:0
DA:11,2
DA:12,2
DA:13,2
DA:14,2
DA:15,2
DA:17,2
DA:20,2
DA:21,2
DA:31,2
DA:37,2
DA:43,2
LF:11
LH:11
BRF:0
BRH:0
end_of_record
TN:
SF:src/routes/authRoutes.js
FN:38,(anonymous_0)
FNF:1
FNH:1
FNDA:11,(anonymous_0)
DA:10,2
DA:11,2
DA:12,2
DA:13,2
DA:14,2
DA:16,2
DA:26,2
DA:40,11
DA:41,11
DA:49,2
DA:68,2
DA:90,2
DA:101,2
DA:112,2
DA:123,2
DA:134,2
DA:149,2
DA:155,2
LF:18
LH:18
BRDA:40,0,0,11
BRDA:40,0,1,4
BRF:2
BRH:2
end_of_record
TN:
SF:src/routes/kycRoutes.js
FN:33,(anonymous_0)
FNF:1
FNH:1
FNDA:5,(anonymous_0)
DA:11,2
DA:12,2
DA:13,2
DA:14,2
DA:15,2
DA:17,2
DA:20,2
DA:31,2
DA:35,5
DA:37,5
DA:38,3
DA:39,2
DA:40,1
DA:44,1
DA:53,2
DA:55,2
LF:16
LH:16
BRDA:37,0,0,3
BRDA:37,0,1,2
BRDA:39,1,0,1
BRDA:39,1,1,1
BRF:4
BRH:4
end_of_record
TN:
SF:src/routes/profileRoutes.js
FNF:0
FNH:0
DA:10,2
DA:11,2
DA:12,2
DA:13,2
DA:15,2
DA:18,2
DA:24,2
DA:30,2
DA:40,2
DA:42,2
LF:10
LH:10
BRF:0
BRH:0
end_of_record
TN:
SF:src/services/auditService.js
FN:28,logAudit
FN:75,logAuthEvent
FN:95,logProfileUpdate
FN:117,logKYCEvent
FNF:4
FNH:0
FNDA:0,logAudit
FNDA:0,logAuthEvent
FNDA:0,logProfileUpdate
FNDA:0,logKYCEvent
DA:11,0
DA:38,0
DA:39,0
DA:40,0
DA:41,0
DA:44,0
DA:57,0
DA:59,0
DA:63,0
DA:76,0
DA:96,0
DA:118,0
DA:129,0
LF:13
LH:0
BRDA:29,0,0,0
BRDA:31,1,0,0
BRDA:32,2,0,0
BRDA:33,3,0,0
BRDA:34,4,0,0
BRDA:35,5,0,0
BRDA:36,6,0,0
BRDA:39,7,0,0
BRDA:39,7,1,0
BRDA:57,8,0,0
BRDA:57,8,1,0
BRDA:75,9,0,0
BRDA:82,10,0,0
BRDA:82,10,1,0
BRDA:103,11,0,0
BRDA:103,11,1,0
BRDA:117,12,0,0
BRDA:119,13,0,0
BRDA:119,13,1,0
BRDA:124,14,0,0
BRDA:124,14,1,0
BRF:21
BRH:0
end_of_record
TN:
SF:src/services/consentService.js
FN:34,recordRegistrationConsents
FN:102,verifyConsents
FN:118,(anonymous_2)
FN:120,(anonymous_3)
FN:141,revokeConsent
FNF:5
FNH:0
FNDA:0,recordRegistrationConsents
FNDA:0,verifyConsents
FNDA:0,(anonymous_2)
FNDA:0,(anonymous_3)
FNDA:0,revokeConsent
DA:11,0
DA:17,0
DA:35,0
DA:36,0
DA:37,0
DA:39,0
DA:42,0
DA:43,0
DA:53,0
DA:64,0
DA:65,0
DA:75,0
DA:76,0
DA:79,0
DA:83,0
DA:84,0
DA:85,0
DA:88,0
DA:90,0
DA:91,0
DA:103,0
DA:104,0
DA:106,0
DA:113,0
DA:114,0
DA:115,0
DA:118,0
DA:119,0
DA:120,0
DA:124,0
DA:127,0
DA:129,0
DA:130,0
DA:142,0
DA:143,0
DA:150,0
DA:151,0
DA:152,0
DA:155,0
DA:157,0
DA:158,0
DA:162,0
LF:42
LH:0
BRDA:36,0,0,0
BRDA:36,0,1,0
BRDA:42,1,0,0
BRDA:42,1,1,0
BRDA:64,2,0,0
BRDA:64,2,1,0
BRDA:75,3,0,0
BRDA:75,3,1,0
BRDA:83,4,0,0
BRDA:83,4,1,0
BRDA:113,5,0,0
BRDA:113,5,1,0
BRDA:120,6,0,0
BRDA:120,6,1,0
BRDA:120,6,2,0
BRDA:150,7,0,0
BRDA:150,7,1,0
BRF:17
BRH:0
end_of_record
TN:
SF:src/services/supabaseService.js
FN:44,getSupabaseClient
FNF:1
FNH:0
FNDA:0,getSupabaseClient
DA:12,0
DA:14,0
DA:15,0
DA:16,0
DA:19,0
DA:20,0
DA:30,0
DA:45,0
DA:46,0
DA:49,0
DA:62,0
LF:11
LH:0
BRDA:19,0,0,0
BRDA:19,0,1,0
BRDA:19,1,0,0
BRDA:19,1,1,0
BRDA:19,1,2,0
BRDA:45,2,0,0
BRDA:45,2,1,0
BRF:7
BRH:0
end_of_record
TN:
SF:src/utils/responseHelper.js
FN:19,success
FN:42,error
FN:69,paginated
FNF:3
FNH:0
FNDA:0,success
FNDA:0,error
FNDA:0,paginated
DA:20,0
DA:25,0
DA:26,0
DA:29,0
DA:43,0
DA:51,0
DA:52,0
DA:55,0
DA:70,0
DA:86,0
LF:10
LH:0
BRDA:19,0,0,0
BRDA:25,1,0,0
BRDA:25,1,1,0
BRDA:42,2,0,0
BRDA:51,3,0,0
BRDA:51,3,1,0
BRDA:51,4,0,0
BRDA:51,4,1,0
BRF:8
BRH:0
end_of_record
